{"/Users/chrisvogt/Code/gatsby-theme-private-sphere/theme/src/api/metrics/get-widget-content.js": {"path":"/Users/chrisvogt/Code/gatsby-theme-private-sphere/theme/src/api/metrics/get-widget-content.js","statementMap":{"0":{"start":{"line":4,"column":2},"end":{"line":19,"column":3}},"1":{"start":{"line":5,"column":39},"end":{"line":12,"column":5}},"2":{"start":{"line":14,"column":4},"end":{"line":14,"column":18}},"3":{"start":{"line":16,"column":4},"end":{"line":18,"column":5}}},"fnMap":{"0":{"name":"(anonymous_0)","decl":{"start":{"line":3,"column":15},"end":{"line":3,"column":16}},"loc":{"start":{"line":3,"column":33},"end":{"line":20,"column":1}},"line":3}},"branchMap":{"0":{"loc":{"start":{"line":5,"column":18},"end":{"line":5,"column":34}},"type":"default-arg","locations":[{"start":{"line":5,"column":32},"end":{"line":5,"column":34}}],"line":5}},"s":{"0":0,"1":0,"2":0,"3":0},"f":{"0":0},"b":{"0":[0]}}
,"/Users/chrisvogt/Code/gatsby-theme-private-sphere/theme/src/api/personal-api/get-instagram-posts.js": {"path":"/Users/chrisvogt/Code/gatsby-theme-private-sphere/theme/src/api/personal-api/get-instagram-posts.js","statementMap":{"0":{"start":{"line":4,"column":2},"end":{"line":13,"column":3}},"1":{"start":{"line":5,"column":60},"end":{"line":7,"column":5}},"2":{"start":{"line":8,"column":4},"end":{"line":8,"column":17}},"3":{"start":{"line":10,"column":4},"end":{"line":12,"column":5}}},"fnMap":{"0":{"name":"(anonymous_0)","decl":{"start":{"line":3,"column":15},"end":{"line":3,"column":16}},"loc":{"start":{"line":3,"column":27},"end":{"line":14,"column":1}},"line":3}},"branchMap":{"0":{"loc":{"start":{"line":5,"column":18},"end":{"line":5,"column":55}},"type":"default-arg","locations":[{"start":{"line":5,"column":53},"end":{"line":5,"column":55}}],"line":5},"1":{"loc":{"start":{"line":5,"column":28},"end":{"line":5,"column":48}},"type":"default-arg","locations":[{"start":{"line":5,"column":46},"end":{"line":5,"column":48}}],"line":5},"2":{"loc":{"start":{"line":5,"column":30},"end":{"line":5,"column":41}},"type":"default-arg","locations":[{"start":{"line":5,"column":39},"end":{"line":5,"column":41}}],"line":5}},"s":{"0":0,"1":0,"2":0,"3":0},"f":{"0":0},"b":{"0":[0],"1":[0],"2":[0]}}
,"/Users/chrisvogt/Code/gatsby-theme-private-sphere/theme/src/api/personal-api/get-recent-books.js": {"path":"/Users/chrisvogt/Code/gatsby-theme-private-sphere/theme/src/api/personal-api/get-recent-books.js","statementMap":{"0":{"start":{"line":4,"column":2},"end":{"line":13,"column":3}},"1":{"start":{"line":5,"column":33},"end":{"line":7,"column":5}},"2":{"start":{"line":8,"column":4},"end":{"line":8,"column":16}},"3":{"start":{"line":10,"column":4},"end":{"line":12,"column":5}}},"fnMap":{"0":{"name":"(anonymous_0)","decl":{"start":{"line":3,"column":15},"end":{"line":3,"column":16}},"loc":{"start":{"line":3,"column":27},"end":{"line":14,"column":1}},"line":3}},"branchMap":{"0":{"loc":{"start":{"line":5,"column":18},"end":{"line":5,"column":28}},"type":"default-arg","locations":[{"start":{"line":5,"column":26},"end":{"line":5,"column":28}}],"line":5}},"s":{"0":0,"1":0,"2":0,"3":0},"f":{"0":0},"b":{"0":[0]}}
,"/Users/chrisvogt/Code/gatsby-theme-private-sphere/theme/src/api/personal-api/get-social-profiles.js": {"path":"/Users/chrisvogt/Code/gatsby-theme-private-sphere/theme/src/api/personal-api/get-social-profiles.js","statementMap":{"0":{"start":{"line":3,"column":20},"end":{"line":13,"column":1}},"1":{"start":{"line":4,"column":43},"end":{"line":4,"column":51}},"2":{"start":{"line":5,"column":60},"end":{"line":5,"column":76}},"3":{"start":{"line":6,"column":57},"end":{"line":6,"column":69}},"4":{"start":{"line":7,"column":16},"end":{"line":7,"column":76}},"5":{"start":{"line":7,"column":35},"end":{"line":7,"column":69}},"6":{"start":{"line":8,"column":25},"end":{"line":10,"column":20}},"7":{"start":{"line":9,"column":26},"end":{"line":9,"column":41}},"8":{"start":{"line":12,"column":2},"end":{"line":12,"column":23}},"9":{"start":{"line":16,"column":2},"end":{"line":28,"column":3}},"10":{"start":{"line":17,"column":28},"end":{"line":20,"column":6}},"11":{"start":{"line":22,"column":21},"end":{"line":22,"column":49}},"12":{"start":{"line":23,"column":4},"end":{"line":23,"column":19}},"13":{"start":{"line":25,"column":4},"end":{"line":27,"column":5}}},"fnMap":{"0":{"name":"(anonymous_0)","decl":{"start":{"line":3,"column":20},"end":{"line":3,"column":21}},"loc":{"start":{"line":3,"column":32},"end":{"line":13,"column":1}},"line":3},"1":{"name":"(anonymous_1)","decl":{"start":{"line":7,"column":27},"end":{"line":7,"column":28}},"loc":{"start":{"line":7,"column":35},"end":{"line":7,"column":69}},"line":7},"2":{"name":"(anonymous_2)","decl":{"start":{"line":9,"column":9},"end":{"line":9,"column":10}},"loc":{"start":{"line":9,"column":26},"end":{"line":9,"column":41}},"line":9},"3":{"name":"(anonymous_3)","decl":{"start":{"line":15,"column":15},"end":{"line":15,"column":16}},"loc":{"start":{"line":15,"column":27},"end":{"line":29,"column":1}},"line":15}},"branchMap":{"0":{"loc":{"start":{"line":5,"column":16},"end":{"line":5,"column":55}},"type":"default-arg","locations":[{"start":{"line":5,"column":53},"end":{"line":5,"column":55}}],"line":5},"1":{"loc":{"start":{"line":5,"column":26},"end":{"line":5,"column":48}},"type":"default-arg","locations":[{"start":{"line":5,"column":46},"end":{"line":5,"column":48}}],"line":5},"2":{"loc":{"start":{"line":5,"column":28},"end":{"line":5,"column":41}},"type":"default-arg","locations":[{"start":{"line":5,"column":39},"end":{"line":5,"column":41}}],"line":5},"3":{"loc":{"start":{"line":6,"column":16},"end":{"line":6,"column":52}},"type":"default-arg","locations":[{"start":{"line":6,"column":50},"end":{"line":6,"column":52}}],"line":6},"4":{"loc":{"start":{"line":6,"column":26},"end":{"line":6,"column":45}},"type":"default-arg","locations":[{"start":{"line":6,"column":43},"end":{"line":6,"column":45}}],"line":6},"5":{"loc":{"start":{"line":6,"column":28},"end":{"line":6,"column":38}},"type":"default-arg","locations":[{"start":{"line":6,"column":36},"end":{"line":6,"column":38}}],"line":6}},"s":{"0":0,"1":0,"2":0,"3":0,"4":0,"5":0,"6":0,"7":0,"8":0,"9":0,"10":0,"11":0,"12":0,"13":0},"f":{"0":0,"1":0,"2":0,"3":0},"b":{"0":[0],"1":[0],"2":[0],"3":[0],"4":[0],"5":[0]}}
,"/Users/chrisvogt/Code/gatsby-theme-private-sphere/theme/src/components/header.js": {"path":"/Users/chrisvogt/Code/gatsby-theme-private-sphere/theme/src/components/header.js","statementMap":{"0":{"start":{"line":7,"column":19},"end":{"line":7,"column":54}},"1":{"start":{"line":14,"column":15},"end":{"line":41,"column":1}},"2":{"start":{"line":22,"column":2},"end":{"line":40,"column":8}},"3":{"start":{"line":43,"column":0},"end":{"line":47,"column":1}},"4":{"start":{"line":49,"column":0},"end":{"line":52,"column":1}}},"fnMap":{"0":{"name":"(anonymous_0)","decl":{"start":{"line":14,"column":15},"end":{"line":14,"column":16}},"loc":{"start":{"line":22,"column":2},"end":{"line":40,"column":8}},"line":22}},"branchMap":{"0":{"loc":{"start":{"line":25,"column":18},"end":{"line":25,"column":60}},"type":"cond-expr","locations":[{"start":{"line":25,"column":35},"end":{"line":25,"column":37}},{"start":{"line":25,"column":40},"end":{"line":25,"column":60}}],"line":25},"1":{"loc":{"start":{"line":32,"column":12},"end":{"line":32,"column":34}},"type":"cond-expr","locations":[{"start":{"line":32,"column":29},"end":{"line":32,"column":30}},{"start":{"line":32,"column":33},"end":{"line":32,"column":34}}],"line":32},"2":{"loc":{"start":{"line":34,"column":12},"end":{"line":34,"column":32}},"type":"cond-expr","locations":[{"start":{"line":34,"column":21},"end":{"line":34,"column":27}},{"start":{"line":34,"column":30},"end":{"line":34,"column":32}}],"line":34},"3":{"loc":{"start":{"line":39,"column":5},"end":{"line":39,"column":57}},"type":"binary-expr","locations":[{"start":{"line":39,"column":5},"end":{"line":39,"column":14}},{"start":{"line":39,"column":18},"end":{"line":39,"column":57}}],"line":39}},"s":{"0":0,"1":0,"2":0,"3":0,"4":0},"f":{"0":0},"b":{"0":[0,0],"1":[0,0],"2":[0,0],"3":[0,0]}}
,"/Users/chrisvogt/Code/gatsby-theme-private-sphere/theme/src/components/home-header-content.js": {"path":"/Users/chrisvogt/Code/gatsby-theme-private-sphere/theme/src/components/home-header-content.js","statementMap":{"0":{"start":{"line":10,"column":26},"end":{"line":51,"column":1}},"1":{"start":{"line":11,"column":2},"end":{"line":50,"column":8}}},"fnMap":{"0":{"name":"(anonymous_0)","decl":{"start":{"line":10,"column":26},"end":{"line":10,"column":27}},"loc":{"start":{"line":11,"column":2},"end":{"line":50,"column":8}},"line":11}},"branchMap":{},"s":{"0":0,"1":0},"f":{"0":0},"b":{}}
,"/Users/chrisvogt/Code/gatsby-theme-private-sphere/theme/src/components/home-widgets.js": {"path":"/Users/chrisvogt/Code/gatsby-theme-private-sphere/theme/src/components/home-widgets.js","statementMap":{"0":{"start":{"line":15,"column":20},"end":{"line":23,"column":1}},"1":{"start":{"line":16,"column":2},"end":{"line":22,"column":5}}},"fnMap":{"0":{"name":"(anonymous_0)","decl":{"start":{"line":15,"column":20},"end":{"line":15,"column":21}},"loc":{"start":{"line":16,"column":2},"end":{"line":22,"column":5}},"line":16}},"branchMap":{},"s":{"0":0,"1":0},"f":{"0":0},"b":{}}
,"/Users/chrisvogt/Code/gatsby-theme-private-sphere/theme/src/components/layout.js": {"path":"/Users/chrisvogt/Code/gatsby-theme-private-sphere/theme/src/components/layout.js","statementMap":{"0":{"start":{"line":12,"column":19},"end":{"line":14,"column":1}},"1":{"start":{"line":13,"column":25},"end":{"line":13,"column":56}},"2":{"start":{"line":16,"column":19},"end":{"line":16,"column":30}},"3":{"start":{"line":25,"column":15},"end":{"line":118,"column":1}},"4":{"start":{"line":26,"column":2},"end":{"line":117,"column":18}}},"fnMap":{"0":{"name":"(anonymous_0)","decl":{"start":{"line":13,"column":7},"end":{"line":13,"column":8}},"loc":{"start":{"line":13,"column":25},"end":{"line":13,"column":56}},"line":13},"1":{"name":"(anonymous_1)","decl":{"start":{"line":25,"column":15},"end":{"line":25,"column":16}},"loc":{"start":{"line":26,"column":2},"end":{"line":117,"column":18}},"line":26}},"branchMap":{"0":{"loc":{"start":{"line":113,"column":9},"end":{"line":113,"column":45}},"type":"binary-expr","locations":[{"start":{"line":113,"column":9},"end":{"line":113,"column":24}},{"start":{"line":113,"column":28},"end":{"line":113,"column":45}}],"line":113}},"s":{"0":0,"1":0,"2":0,"3":0,"4":0},"f":{"0":0,"1":0},"b":{"0":[0,0]}}
,"/Users/chrisvogt/Code/gatsby-theme-private-sphere/theme/src/components/lazy-load.js": {"path":"/Users/chrisvogt/Code/gatsby-theme-private-sphere/theme/src/components/lazy-load.js","statementMap":{"0":{"start":{"line":7,"column":27},"end":{"line":18,"column":1}},"1":{"start":{"line":8,"column":2},"end":{"line":17,"column":8}},"2":{"start":{"line":23,"column":17},"end":{"line":37,"column":1}},"3":{"start":{"line":24,"column":46},"end":{"line":24,"column":61}},"4":{"start":{"line":26,"column":19},"end":{"line":30,"column":3}},"5":{"start":{"line":27,"column":4},"end":{"line":29,"column":5}},"6":{"start":{"line":28,"column":6},"end":{"line":28,"column":29}},"7":{"start":{"line":32,"column":2},"end":{"line":36,"column":3}},"8":{"start":{"line":39,"column":0},"end":{"line":44,"column":1}},"9":{"start":{"line":46,"column":0},"end":{"line":50,"column":1}}},"fnMap":{"0":{"name":"(anonymous_0)","decl":{"start":{"line":7,"column":27},"end":{"line":7,"column":28}},"loc":{"start":{"line":8,"column":2},"end":{"line":17,"column":8}},"line":8},"1":{"name":"(anonymous_1)","decl":{"start":{"line":23,"column":17},"end":{"line":23,"column":18}},"loc":{"start":{"line":23,"column":62},"end":{"line":37,"column":1}},"line":23},"2":{"name":"(anonymous_2)","decl":{"start":{"line":26,"column":19},"end":{"line":26,"column":20}},"loc":{"start":{"line":26,"column":32},"end":{"line":30,"column":3}},"line":26}},"branchMap":{"0":{"loc":{"start":{"line":27,"column":4},"end":{"line":29,"column":5}},"type":"if","locations":[{"start":{"line":27,"column":4},"end":{"line":29,"column":5}},{"start":{"line":27,"column":4},"end":{"line":29,"column":5}}],"line":27},"1":{"loc":{"start":{"line":27,"column":8},"end":{"line":27,"column":36}},"type":"binary-expr","locations":[{"start":{"line":27,"column":8},"end":{"line":27,"column":23}},{"start":{"line":27,"column":27},"end":{"line":27,"column":36}}],"line":27},"2":{"loc":{"start":{"line":34,"column":7},"end":{"line":34,"column":53}},"type":"cond-expr","locations":[{"start":{"line":34,"column":24},"end":{"line":34,"column":32}},{"start":{"line":34,"column":35},"end":{"line":34,"column":53}}],"line":34}},"s":{"0":0,"1":0,"2":0,"3":0,"4":0,"5":0,"6":0,"7":0,"8":0,"9":0},"f":{"0":0,"1":0,"2":0},"b":{"0":[0,0],"1":[0,0],"2":[0,0]}}
,"/Users/chrisvogt/Code/gatsby-theme-private-sphere/theme/src/components/seo.js": {"path":"/Users/chrisvogt/Code/gatsby-theme-private-sphere/theme/src/components/seo.js","statementMap":{"0":{"start":{"line":15,"column":12},"end":{"line":48,"column":1}},"1":{"start":{"line":16,"column":19},"end":{"line":16,"column":36}},"2":{"start":{"line":17,"column":20},"end":{"line":17,"column":32}},"3":{"start":{"line":19,"column":23},"end":{"line":19,"column":48}},"4":{"start":{"line":20,"column":20},"end":{"line":20,"column":38}},"5":{"start":{"line":21,"column":24},"end":{"line":21,"column":50}},"6":{"start":{"line":22,"column":26},"end":{"line":22,"column":54}},"7":{"start":{"line":24,"column":16},"end":{"line":24,"column":38}},"8":{"start":{"line":26,"column":2},"end":{"line":47,"column":3}},"9":{"start":{"line":50,"column":0},"end":{"line":56,"column":1}},"10":{"start":{"line":57,"column":0},"end":{"line":63,"column":1}}},"fnMap":{"0":{"name":"(anonymous_0)","decl":{"start":{"line":15,"column":12},"end":{"line":15,"column":13}},"loc":{"start":{"line":15,"column":77},"end":{"line":48,"column":1}},"line":15}},"branchMap":{"0":{"loc":{"start":{"line":24,"column":16},"end":{"line":24,"column":38}},"type":"binary-expr","locations":[{"start":{"line":24,"column":16},"end":{"line":24,"column":25}},{"start":{"line":24,"column":29},"end":{"line":24,"column":38}}],"line":24},"1":{"loc":{"start":{"line":35,"column":7},"end":{"line":35,"column":63}},"type":"binary-expr","locations":[{"start":{"line":35,"column":7},"end":{"line":35,"column":14}},{"start":{"line":35,"column":18},"end":{"line":35,"column":63}}],"line":35},"2":{"loc":{"start":{"line":36,"column":7},"end":{"line":36,"column":78}},"type":"binary-expr","locations":[{"start":{"line":36,"column":7},"end":{"line":36,"column":18}},{"start":{"line":36,"column":22},"end":{"line":36,"column":78}}],"line":36},"3":{"loc":{"start":{"line":37,"column":7},"end":{"line":37,"column":66}},"type":"binary-expr","locations":[{"start":{"line":37,"column":7},"end":{"line":37,"column":15}},{"start":{"line":37,"column":19},"end":{"line":37,"column":66}}],"line":37},"4":{"loc":{"start":{"line":40,"column":7},"end":{"line":42,"column":7}},"type":"binary-expr","locations":[{"start":{"line":40,"column":7},"end":{"line":40,"column":22}},{"start":{"line":41,"column":8},"end":{"line":41,"column":65}}],"line":40},"5":{"loc":{"start":{"line":44,"column":7},"end":{"line":44,"column":67}},"type":"binary-expr","locations":[{"start":{"line":44,"column":7},"end":{"line":44,"column":15}},{"start":{"line":44,"column":19},"end":{"line":44,"column":67}}],"line":44},"6":{"loc":{"start":{"line":45,"column":7},"end":{"line":45,"column":79}},"type":"binary-expr","locations":[{"start":{"line":45,"column":7},"end":{"line":45,"column":18}},{"start":{"line":45,"column":22},"end":{"line":45,"column":79}}],"line":45}},"s":{"0":0,"1":0,"2":0,"3":0,"4":0,"5":0,"6":0,"7":0,"8":0,"9":0,"10":0},"f":{"0":0},"b":{"0":[0,0],"1":[0,0],"2":[0,0],"3":[0,0],"4":[0,0],"5":[0,0],"6":[0,0]}}
,"/Users/chrisvogt/Code/gatsby-theme-private-sphere/theme/src/components/top-navigation.js": {"path":"/Users/chrisvogt/Code/gatsby-theme-private-sphere/theme/src/components/top-navigation.js","statementMap":{"0":{"start":{"line":10,"column":19},"end":{"line":10,"column":54}},"1":{"start":{"line":12,"column":22},"end":{"line":63,"column":1}},"2":{"start":{"line":13,"column":19},"end":{"line":13,"column":36}},"3":{"start":{"line":14,"column":21},"end":{"line":14,"column":40}},"4":{"start":{"line":16,"column":20},"end":{"line":16,"column":50}},"5":{"start":{"line":17,"column":16},"end":{"line":17,"column":34}},"6":{"start":{"line":19,"column":2},"end":{"line":62,"column":3}},"7":{"start":{"line":50,"column":12},"end":{"line":58,"column":23}}},"fnMap":{"0":{"name":"(anonymous_0)","decl":{"start":{"line":12,"column":22},"end":{"line":12,"column":23}},"loc":{"start":{"line":12,"column":46},"end":{"line":63,"column":1}},"line":12},"1":{"name":"(anonymous_1)","decl":{"start":{"line":49,"column":24},"end":{"line":49,"column":25}},"loc":{"start":{"line":50,"column":12},"end":{"line":58,"column":23}},"line":50}},"branchMap":{"0":{"loc":{"start":{"line":22,"column":20},"end":{"line":22,"column":66}},"type":"cond-expr","locations":[{"start":{"line":22,"column":37},"end":{"line":22,"column":43}},{"start":{"line":22,"column":46},"end":{"line":22,"column":66}}],"line":22},"1":{"loc":{"start":{"line":48,"column":9},"end":{"line":59,"column":12}},"type":"binary-expr","locations":[{"start":{"line":48,"column":9},"end":{"line":48,"column":18}},{"start":{"line":49,"column":10},"end":{"line":59,"column":12}}],"line":48}},"s":{"0":0,"1":0,"2":0,"3":0,"4":0,"5":0,"6":0,"7":0},"f":{"0":0,"1":0},"b":{"0":[0,0],"1":[0,0]}}
,"/Users/chrisvogt/Code/gatsby-theme-private-sphere/theme/src/components/artwork/book.js": {"path":"/Users/chrisvogt/Code/gatsby-theme-private-sphere/theme/src/components/artwork/book.js","statementMap":{"0":{"start":{"line":5,"column":13},"end":{"line":56,"column":1}},"1":{"start":{"line":6,"column":2},"end":{"line":55,"column":3}},"2":{"start":{"line":58,"column":0},"end":{"line":61,"column":1}}},"fnMap":{"0":{"name":"(anonymous_0)","decl":{"start":{"line":5,"column":13},"end":{"line":5,"column":14}},"loc":{"start":{"line":5,"column":42},"end":{"line":56,"column":1}},"line":5}},"branchMap":{},"s":{"0":1,"1":1,"2":1},"f":{"0":1},"b":{},"_coverageSchema":"1a1c01bbd47fc00a2c39e90264f33305004495a9","hash":"9d9c13f1c7861039d2ed9c35380f657f6fd5af4e"}
,"/Users/chrisvogt/Code/gatsby-theme-private-sphere/theme/src/components/artwork/swoop-bottom.js": {"path":"/Users/chrisvogt/Code/gatsby-theme-private-sphere/theme/src/components/artwork/swoop-bottom.js","statementMap":{"0":{"start":{"line":5,"column":2},"end":{"line":20,"column":3}}},"fnMap":{"0":{"name":"(anonymous_0)","decl":{"start":{"line":4,"column":15},"end":{"line":4,"column":16}},"loc":{"start":{"line":4,"column":29},"end":{"line":21,"column":1}},"line":4}},"branchMap":{"0":{"loc":{"start":{"line":16,"column":14},"end":{"line":16,"column":35}},"type":"cond-expr","locations":[{"start":{"line":16,"column":21},"end":{"line":16,"column":25}},{"start":{"line":16,"column":28},"end":{"line":16,"column":35}}],"line":16}},"s":{"0":0},"f":{"0":0},"b":{"0":[0,0]}}
,"/Users/chrisvogt/Code/gatsby-theme-private-sphere/theme/src/components/artwork/swoop-top.js": {"path":"/Users/chrisvogt/Code/gatsby-theme-private-sphere/theme/src/components/artwork/swoop-top.js","statementMap":{"0":{"start":{"line":5,"column":2},"end":{"line":20,"column":3}}},"fnMap":{"0":{"name":"(anonymous_0)","decl":{"start":{"line":4,"column":15},"end":{"line":4,"column":16}},"loc":{"start":{"line":4,"column":29},"end":{"line":21,"column":1}},"line":4}},"branchMap":{"0":{"loc":{"start":{"line":16,"column":14},"end":{"line":16,"column":35}},"type":"cond-expr","locations":[{"start":{"line":16,"column":21},"end":{"line":16,"column":25}},{"start":{"line":16,"column":28},"end":{"line":16,"column":35}}],"line":16}},"s":{"0":0},"f":{"0":0},"b":{"0":[0,0]}}
,"/Users/chrisvogt/Code/gatsby-theme-private-sphere/theme/src/components/footer/content.js": {"path":"/Users/chrisvogt/Code/gatsby-theme-private-sphere/theme/src/components/footer/content.js","statementMap":{"0":{"start":{"line":12,"column":16},"end":{"line":19,"column":1}},"1":{"start":{"line":13,"column":2},"end":{"line":18,"column":14}}},"fnMap":{"0":{"name":"(anonymous_0)","decl":{"start":{"line":12,"column":16},"end":{"line":12,"column":17}},"loc":{"start":{"line":13,"column":2},"end":{"line":18,"column":14}},"line":13}},"branchMap":{},"s":{"0":0,"1":0},"f":{"0":0},"b":{}}
,"/Users/chrisvogt/Code/gatsby-theme-private-sphere/theme/src/components/footer/index.js": {"path":"/Users/chrisvogt/Code/gatsby-theme-private-sphere/theme/src/components/footer/index.js","statementMap":{"0":{"start":{"line":9,"column":23},"end":{"line":9,"column":40}},"1":{"start":{"line":12,"column":2},"end":{"line":15,"column":8}}},"fnMap":{"0":{"name":"(anonymous_0)","decl":{"start":{"line":11,"column":15},"end":{"line":11,"column":16}},"loc":{"start":{"line":12,"column":2},"end":{"line":15,"column":8}},"line":12}},"branchMap":{},"s":{"0":0,"1":0},"f":{"0":0},"b":{}}
,"/Users/chrisvogt/Code/gatsby-theme-private-sphere/theme/src/components/footer/navigation.js": {"path":"/Users/chrisvogt/Code/gatsby-theme-private-sphere/theme/src/components/footer/navigation.js","statementMap":{"0":{"start":{"line":7,"column":37},"end":{"line":7,"column":56}},"1":{"start":{"line":8,"column":2},"end":{"line":15,"column":3}},"2":{"start":{"line":11,"column":6},"end":{"line":13,"column":17}}},"fnMap":{"0":{"name":"(anonymous_0)","decl":{"start":{"line":6,"column":15},"end":{"line":6,"column":16}},"loc":{"start":{"line":6,"column":21},"end":{"line":16,"column":1}},"line":6},"1":{"name":"(anonymous_1)","decl":{"start":{"line":10,"column":18},"end":{"line":10,"column":19}},"loc":{"start":{"line":11,"column":6},"end":{"line":13,"column":17}},"line":11}},"branchMap":{"0":{"loc":{"start":{"line":7,"column":18},"end":{"line":7,"column":32}},"type":"default-arg","locations":[{"start":{"line":7,"column":30},"end":{"line":7,"column":32}}],"line":7},"1":{"loc":{"start":{"line":9,"column":4},"end":{"line":14,"column":6}},"type":"binary-expr","locations":[{"start":{"line":9,"column":4},"end":{"line":9,"column":13}},{"start":{"line":10,"column":4},"end":{"line":14,"column":6}}],"line":9}},"s":{"0":0,"1":0,"2":0},"f":{"0":0,"1":0},"b":{"0":[0],"1":[0,0]}}
,"/Users/chrisvogt/Code/gatsby-theme-private-sphere/theme/src/components/footer/profiles.js": {"path":"/Users/chrisvogt/Code/gatsby-theme-private-sphere/theme/src/components/footer/profiles.js","statementMap":{"0":{"start":{"line":9,"column":34},"end":{"line":9,"column":53}},"1":{"start":{"line":10,"column":2},"end":{"line":32,"column":3}},"2":{"start":{"line":15,"column":46},"end":{"line":15,"column":53}},"3":{"start":{"line":16,"column":10},"end":{"line":29,"column":11}}},"fnMap":{"0":{"name":"(anonymous_0)","decl":{"start":{"line":8,"column":15},"end":{"line":8,"column":16}},"loc":{"start":{"line":8,"column":21},"end":{"line":33,"column":1}},"line":8},"1":{"name":"(anonymous_1)","decl":{"start":{"line":14,"column":21},"end":{"line":14,"column":22}},"loc":{"start":{"line":14,"column":53},"end":{"line":30,"column":9}},"line":14}},"branchMap":{"0":{"loc":{"start":{"line":13,"column":7},"end":{"line":30,"column":10}},"type":"binary-expr","locations":[{"start":{"line":13,"column":7},"end":{"line":13,"column":17}},{"start":{"line":14,"column":8},"end":{"line":30,"column":10}}],"line":13}},"s":{"0":0,"1":0,"2":0,"3":0},"f":{"0":0,"1":0},"b":{"0":[0,0]}}
,"/Users/chrisvogt/Code/gatsby-theme-private-sphere/theme/src/components/widgets/call-to-action.js": {"path":"/Users/chrisvogt/Code/gatsby-theme-private-sphere/theme/src/components/widgets/call-to-action.js","statementMap":{"0":{"start":{"line":13,"column":21},"end":{"line":51,"column":1}},"1":{"start":{"line":14,"column":20},"end":{"line":19,"column":8}},"2":{"start":{"line":20,"column":2},"end":{"line":50,"column":3}},"3":{"start":{"line":53,"column":0},"end":{"line":64,"column":1}},"4":{"start":{"line":66,"column":0},"end":{"line":68,"column":1}}},"fnMap":{"0":{"name":"(anonymous_0)","decl":{"start":{"line":13,"column":21},"end":{"line":13,"column":22}},"loc":{"start":{"line":13,"column":66},"end":{"line":51,"column":1}},"line":13}},"branchMap":{"0":{"loc":{"start":{"line":14,"column":20},"end":{"line":19,"column":8}},"type":"cond-expr","locations":[{"start":{"line":15,"column":6},"end":{"line":18,"column":7}},{"start":{"line":19,"column":6},"end":{"line":19,"column":8}}],"line":14},"1":{"loc":{"start":{"line":20,"column":9},"end":{"line":50,"column":3}},"type":"cond-expr","locations":[{"start":{"line":21,"column":4},"end":{"line":26,"column":6}},{"start":{"line":28,"column":4},"end":{"line":49,"column":15}}],"line":20}},"s":{"0":1,"1":1,"2":1,"3":1,"4":1},"f":{"0":1},"b":{"0":[0,1],"1":[0,1]},"_coverageSchema":"1a1c01bbd47fc00a2c39e90264f33305004495a9","hash":"995a8d5209e32c2269984eb96e2dd3863ddf89ab"}
,"/Users/chrisvogt/Code/gatsby-theme-private-sphere/theme/src/components/widgets/card-footer.js": {"path":"/Users/chrisvogt/Code/gatsby-theme-private-sphere/theme/src/components/widgets/card-footer.js","statementMap":{"0":{"start":{"line":5,"column":19},"end":{"line":13,"column":1}},"1":{"start":{"line":6,"column":2},"end":{"line":12,"column":8}},"2":{"start":{"line":15,"column":0},"end":{"line":18,"column":1}}},"fnMap":{"0":{"name":"(anonymous_0)","decl":{"start":{"line":5,"column":19},"end":{"line":5,"column":20}},"loc":{"start":{"line":6,"column":2},"end":{"line":12,"column":8}},"line":6}},"branchMap":{},"s":{"0":1,"1":1,"2":1},"f":{"0":1},"b":{},"_coverageSchema":"1a1c01bbd47fc00a2c39e90264f33305004495a9","hash":"9b7354d284fe61275a328e643bf75fa6ff529d49"}
,"/Users/chrisvogt/Code/gatsby-theme-private-sphere/theme/src/components/widgets/metric-card.js": {"path":"/Users/chrisvogt/Code/gatsby-theme-private-sphere/theme/src/components/widgets/metric-card.js","statementMap":{"0":{"start":{"line":15,"column":19},"end":{"line":22,"column":1}},"1":{"start":{"line":16,"column":2},"end":{"line":21,"column":9}},"2":{"start":{"line":24,"column":0},"end":{"line":31,"column":1}},"3":{"start":{"line":33,"column":0},"end":{"line":35,"column":1}}},"fnMap":{"0":{"name":"(anonymous_0)","decl":{"start":{"line":15,"column":19},"end":{"line":15,"column":20}},"loc":{"start":{"line":16,"column":2},"end":{"line":21,"column":9}},"line":16}},"branchMap":{},"s":{"0":1,"1":1,"2":1,"3":1},"f":{"0":1},"b":{},"_coverageSchema":"1a1c01bbd47fc00a2c39e90264f33305004495a9","hash":"f16c74096d4414e1938844317f6a72fd8934b131"}
,"/Users/chrisvogt/Code/gatsby-theme-private-sphere/theme/src/components/widgets/status-card.js": {"path":"/Users/chrisvogt/Code/gatsby-theme-private-sphere/theme/src/components/widgets/status-card.js","statementMap":{"0":{"start":{"line":6,"column":19},"end":{"line":8,"column":1}},"1":{"start":{"line":7,"column":2},"end":{"line":7,"column":69}},"2":{"start":{"line":10,"column":0},"end":{"line":13,"column":1}}},"fnMap":{"0":{"name":"(anonymous_0)","decl":{"start":{"line":6,"column":19},"end":{"line":6,"column":20}},"loc":{"start":{"line":7,"column":2},"end":{"line":7,"column":69}},"line":7}},"branchMap":{},"s":{"0":1,"1":1,"2":1},"f":{"0":1},"b":{},"_coverageSchema":"1a1c01bbd47fc00a2c39e90264f33305004495a9","hash":"8bc4b517ba5bb1732aa470d391a80a297bc1d0d1"}
,"/Users/chrisvogt/Code/gatsby-theme-private-sphere/theme/src/components/widgets/view-external.js": {"path":"/Users/chrisvogt/Code/gatsby-theme-private-sphere/theme/src/components/widgets/view-external.js","statementMap":{"0":{"start":{"line":6,"column":2},"end":{"line":10,"column":9}}},"fnMap":{"0":{"name":"(anonymous_0)","decl":{"start":{"line":5,"column":15},"end":{"line":5,"column":16}},"loc":{"start":{"line":6,"column":2},"end":{"line":10,"column":9}},"line":6}},"branchMap":{},"s":{"0":1},"f":{"0":1},"b":{},"_coverageSchema":"1a1c01bbd47fc00a2c39e90264f33305004495a9","hash":"bda28ed584a58dd112fbebbd071eadc4f0a76c4c"}
,"/Users/chrisvogt/Code/gatsby-theme-private-sphere/theme/src/components/widgets/widget-header.js": {"path":"/Users/chrisvogt/Code/gatsby-theme-private-sphere/theme/src/components/widgets/widget-header.js","statementMap":{"0":{"start":{"line":6,"column":21},"end":{"line":13,"column":1}},"1":{"start":{"line":7,"column":2},"end":{"line":12,"column":11}},"2":{"start":{"line":15,"column":0},"end":{"line":18,"column":1}}},"fnMap":{"0":{"name":"(anonymous_0)","decl":{"start":{"line":6,"column":21},"end":{"line":6,"column":22}},"loc":{"start":{"line":7,"column":2},"end":{"line":12,"column":11}},"line":7}},"branchMap":{"0":{"loc":{"start":{"line":9,"column":5},"end":{"line":11,"column":5}},"type":"binary-expr","locations":[{"start":{"line":9,"column":5},"end":{"line":9,"column":10}},{"start":{"line":10,"column":6},"end":{"line":10,"column":73}}],"line":9}},"s":{"0":1,"1":1,"2":1},"f":{"0":1},"b":{"0":[1,0]},"_coverageSchema":"1a1c01bbd47fc00a2c39e90264f33305004495a9","hash":"2eed7cbfb82f85da6d9c30c45c6208d6648cd8b1"}
,"/Users/chrisvogt/Code/gatsby-theme-private-sphere/theme/src/components/widgets/widget.js": {"path":"/Users/chrisvogt/Code/gatsby-theme-private-sphere/theme/src/components/widgets/widget.js","statementMap":{"0":{"start":{"line":5,"column":15},"end":{"line":11,"column":1}},"1":{"start":{"line":6,"column":2},"end":{"line":10,"column":3}},"2":{"start":{"line":13,"column":0},"end":{"line":18,"column":1}}},"fnMap":{"0":{"name":"(anonymous_0)","decl":{"start":{"line":5,"column":15},"end":{"line":5,"column":16}},"loc":{"start":{"line":5,"column":37},"end":{"line":11,"column":1}},"line":5}},"branchMap":{"0":{"loc":{"start":{"line":7,"column":48},"end":{"line":7,"column":64}},"type":"cond-expr","locations":[{"start":{"line":7,"column":53},"end":{"line":7,"column":59}},{"start":{"line":7,"column":62},"end":{"line":7,"column":64}}],"line":7}},"s":{"0":1,"1":1,"2":1},"f":{"0":1},"b":{"0":[1,0]},"_coverageSchema":"1a1c01bbd47fc00a2c39e90264f33305004495a9","hash":"9f7988872b6dbcb688ff237622af59c8df0b4ee9"}
,"/Users/chrisvogt/Code/gatsby-theme-private-sphere/theme/src/components/widgets/github/github-widget.js": {"path":"/Users/chrisvogt/Code/gatsby-theme-private-sphere/theme/src/components/widgets/github/github-widget.js","statementMap":{"0":{"start":{"line":19,"column":21},"end":{"line":61,"column":1}},"1":{"start":{"line":20,"column":19},"end":{"line":20,"column":36}},"2":{"start":{"line":21,"column":25},"end":{"line":21,"column":52}},"3":{"start":{"line":23,"column":33},"end":{"line":23,"column":59}},"4":{"start":{"line":25,"column":20},"end":{"line":25,"column":22}},"5":{"start":{"line":26,"column":20},"end":{"line":26,"column":22}},"6":{"start":{"line":27,"column":13},"end":{"line":27,"column":15}},"7":{"start":{"line":29,"column":2},"end":{"line":33,"column":3}},"8":{"start":{"line":30,"column":4},"end":{"line":30,"column":41}},"9":{"start":{"line":31,"column":4},"end":{"line":31,"column":41}},"10":{"start":{"line":32,"column":4},"end":{"line":32,"column":27}},"11":{"start":{"line":36,"column":4},"end":{"line":43,"column":19}},"12":{"start":{"line":46,"column":2},"end":{"line":60,"column":3}}},"fnMap":{"0":{"name":"(anonymous_0)","decl":{"start":{"line":19,"column":21},"end":{"line":19,"column":22}},"loc":{"start":{"line":19,"column":27},"end":{"line":61,"column":1}},"line":19}},"branchMap":{"0":{"loc":{"start":{"line":29,"column":2},"end":{"line":33,"column":3}},"type":"if","locations":[{"start":{"line":29,"column":2},"end":{"line":33,"column":3}},{"start":{"line":29,"column":2},"end":{"line":33,"column":3}}],"line":29}},"s":{"0":0,"1":0,"2":0,"3":0,"4":0,"5":0,"6":0,"7":0,"8":0,"9":0,"10":0,"11":0,"12":0},"f":{"0":0},"b":{"0":[0,0]}}
,"/Users/chrisvogt/Code/gatsby-theme-private-sphere/theme/src/components/widgets/github/index.js": {"path":"/Users/chrisvogt/Code/gatsby-theme-private-sphere/theme/src/components/widgets/github/index.js","statementMap":{},"fnMap":{},"branchMap":{},"s":{},"f":{},"b":{}}
,"/Users/chrisvogt/Code/gatsby-theme-private-sphere/theme/src/components/widgets/github/last-pull-request.js": {"path":"/Users/chrisvogt/Code/gatsby-theme-private-sphere/theme/src/components/widgets/github/last-pull-request.js","statementMap":{"0":{"start":{"line":11,"column":24},"end":{"line":78,"column":1}},"1":{"start":{"line":17,"column":6},"end":{"line":17,"column":17}},"2":{"start":{"line":19,"column":2},"end":{"line":77,"column":3}},"3":{"start":{"line":80,"column":0},"end":{"line":96,"column":1}}},"fnMap":{"0":{"name":"(anonymous_0)","decl":{"start":{"line":11,"column":24},"end":{"line":11,"column":25}},"loc":{"start":{"line":11,"column":56},"end":{"line":78,"column":1}},"line":11}},"branchMap":{"0":{"loc":{"start":{"line":14,"column":16},"end":{"line":14,"column":45}},"type":"default-arg","locations":[{"start":{"line":14,"column":43},"end":{"line":14,"column":45}}],"line":14}},"s":{"0":0,"1":0,"2":0,"3":0},"f":{"0":0},"b":{"0":[0]}}
,"/Users/chrisvogt/Code/gatsby-theme-private-sphere/theme/src/components/widgets/github/pinned-item-card.js": {"path":"/Users/chrisvogt/Code/gatsby-theme-private-sphere/theme/src/components/widgets/github/pinned-item-card.js","statementMap":{"0":{"start":{"line":10,"column":20},"end":{"line":13,"column":1}},"1":{"start":{"line":15,"column":23},"end":{"line":19,"column":1}},"2":{"start":{"line":16,"column":2},"end":{"line":18,"column":9}},"3":{"start":{"line":21,"column":0},"end":{"line":26,"column":1}}},"fnMap":{"0":{"name":"(anonymous_0)","decl":{"start":{"line":15,"column":23},"end":{"line":15,"column":24}},"loc":{"start":{"line":16,"column":2},"end":{"line":18,"column":9}},"line":16}},"branchMap":{"0":{"loc":{"start":{"line":17,"column":5},"end":{"line":17,"column":49}},"type":"binary-expr","locations":[{"start":{"line":17,"column":5},"end":{"line":17,"column":22}},{"start":{"line":17,"column":26},"end":{"line":17,"column":49}}],"line":17}},"s":{"0":0,"1":0,"2":0,"3":0},"f":{"0":0},"b":{"0":[0,0]}}
,"/Users/chrisvogt/Code/gatsby-theme-private-sphere/theme/src/components/widgets/github/pinned-items.js": {"path":"/Users/chrisvogt/Code/gatsby-theme-private-sphere/theme/src/components/widgets/github/pinned-items.js","statementMap":{"0":{"start":{"line":8,"column":20},"end":{"line":47,"column":1}},"1":{"start":{"line":9,"column":27},"end":{"line":9,"column":71}},"2":{"start":{"line":10,"column":16},"end":{"line":10,"column":58}},"3":{"start":{"line":12,"column":2},"end":{"line":46,"column":3}},"4":{"start":{"line":31,"column":10},"end":{"line":42,"column":21}},"5":{"start":{"line":49,"column":0},"end":{"line":54,"column":1}}},"fnMap":{"0":{"name":"(anonymous_0)","decl":{"start":{"line":8,"column":20},"end":{"line":8,"column":21}},"loc":{"start":{"line":8,"column":52},"end":{"line":47,"column":1}},"line":8},"1":{"name":"(anonymous_1)","decl":{"start":{"line":30,"column":19},"end":{"line":30,"column":20}},"loc":{"start":{"line":31,"column":10},"end":{"line":42,"column":21}},"line":31}},"branchMap":{"0":{"loc":{"start":{"line":10,"column":16},"end":{"line":10,"column":58}},"type":"cond-expr","locations":[{"start":{"line":10,"column":28},"end":{"line":10,"column":44}},{"start":{"line":10,"column":47},"end":{"line":10,"column":58}}],"line":10},"1":{"loc":{"start":{"line":33,"column":17},"end":{"line":33,"column":33}},"type":"binary-expr","locations":[{"start":{"line":33,"column":17},"end":{"line":33,"column":24}},{"start":{"line":33,"column":28},"end":{"line":33,"column":33}}],"line":33}},"s":{"0":0,"1":0,"2":0,"3":0,"4":0,"5":0},"f":{"0":0,"1":0},"b":{"0":[0,0],"1":[0,0]}}
,"/Users/chrisvogt/Code/gatsby-theme-private-sphere/theme/src/components/widgets/github/user-profile.js": {"path":"/Users/chrisvogt/Code/gatsby-theme-private-sphere/theme/src/components/widgets/github/user-profile.js","statementMap":{"0":{"start":{"line":12,"column":20},"end":{"line":86,"column":1}},"1":{"start":{"line":18,"column":6},"end":{"line":18,"column":16}},"2":{"start":{"line":20,"column":18},"end":{"line":36,"column":3}},"3":{"start":{"line":38,"column":2},"end":{"line":85,"column":3}},"4":{"start":{"line":76,"column":10},"end":{"line":81,"column":12}},"5":{"start":{"line":88,"column":0},"end":{"line":100,"column":1}}},"fnMap":{"0":{"name":"(anonymous_0)","decl":{"start":{"line":12,"column":20},"end":{"line":12,"column":21}},"loc":{"start":{"line":12,"column":45},"end":{"line":86,"column":1}},"line":12},"1":{"name":"(anonymous_1)","decl":{"start":{"line":75,"column":21},"end":{"line":75,"column":22}},"loc":{"start":{"line":76,"column":10},"end":{"line":81,"column":12}},"line":76}},"branchMap":{"0":{"loc":{"start":{"line":14,"column":18},"end":{"line":14,"column":65}},"type":"default-arg","locations":[{"start":{"line":14,"column":63},"end":{"line":14,"column":65}}],"line":14},"1":{"loc":{"start":{"line":14,"column":32},"end":{"line":14,"column":58}},"type":"default-arg","locations":[{"start":{"line":14,"column":57},"end":{"line":14,"column":58}}],"line":14},"2":{"loc":{"start":{"line":15,"column":15},"end":{"line":15,"column":59}},"type":"default-arg","locations":[{"start":{"line":15,"column":57},"end":{"line":15,"column":59}}],"line":15},"3":{"loc":{"start":{"line":15,"column":29},"end":{"line":15,"column":52}},"type":"default-arg","locations":[{"start":{"line":15,"column":51},"end":{"line":15,"column":52}}],"line":15},"4":{"loc":{"start":{"line":16,"column":15},"end":{"line":16,"column":59}},"type":"default-arg","locations":[{"start":{"line":16,"column":57},"end":{"line":16,"column":59}}],"line":16},"5":{"loc":{"start":{"line":16,"column":29},"end":{"line":16,"column":52}},"type":"default-arg","locations":[{"start":{"line":16,"column":51},"end":{"line":16,"column":52}}],"line":16},"6":{"loc":{"start":{"line":17,"column":12},"end":{"line":17,"column":52}},"type":"default-arg","locations":[{"start":{"line":17,"column":50},"end":{"line":17,"column":52}}],"line":17},"7":{"loc":{"start":{"line":17,"column":23},"end":{"line":17,"column":45}},"type":"default-arg","locations":[{"start":{"line":17,"column":43},"end":{"line":17,"column":45}}],"line":17},"8":{"loc":{"start":{"line":18,"column":6},"end":{"line":18,"column":16}},"type":"binary-expr","locations":[{"start":{"line":18,"column":6},"end":{"line":18,"column":10}},{"start":{"line":18,"column":14},"end":{"line":18,"column":16}}],"line":18},"9":{"loc":{"start":{"line":51,"column":10},"end":{"line":55,"column":11}},"type":"cond-expr","locations":[{"start":{"line":52,"column":12},"end":{"line":52,"column":64}},{"start":{"line":54,"column":12},"end":{"line":54,"column":29}}],"line":51}},"s":{"0":0,"1":0,"2":0,"3":0,"4":0,"5":0},"f":{"0":0,"1":0},"b":{"0":[0],"1":[0],"2":[0],"3":[0],"4":[0],"5":[0],"6":[0],"7":[0],"8":[0,0],"9":[0,0]}}
,"/Users/chrisvogt/Code/gatsby-theme-private-sphere/theme/src/components/widgets/github/placeholders/pinned-item-placeholder.js": {"path":"/Users/chrisvogt/Code/gatsby-theme-private-sphere/theme/src/components/widgets/github/placeholders/pinned-item-placeholder.js","statementMap":{},"fnMap":{},"branchMap":{},"s":{},"f":{},"b":{},"_coverageSchema":"1a1c01bbd47fc00a2c39e90264f33305004495a9","hash":"b8e3c789ce94ae6c95c28a50140128182054d70f"}
,"/Users/chrisvogt/Code/gatsby-theme-private-sphere/theme/src/components/widgets/github/renderers/placeholder.js": {"path":"/Users/chrisvogt/Code/gatsby-theme-private-sphere/theme/src/components/widgets/github/renderers/placeholder.js","statementMap":{"0":{"start":{"line":10,"column":2},"end":{"line":16,"column":16}}},"fnMap":{"0":{"name":"(anonymous_0)","decl":{"start":{"line":9,"column":15},"end":{"line":9,"column":16}},"loc":{"start":{"line":10,"column":2},"end":{"line":16,"column":16}},"line":10}},"branchMap":{},"s":{"0":1},"f":{"0":1},"b":{},"_coverageSchema":"1a1c01bbd47fc00a2c39e90264f33305004495a9","hash":"154e880adff812e1add22cae9d3d58582d1567b9"}
,"/Users/chrisvogt/Code/gatsby-theme-private-sphere/theme/src/components/widgets/github/renderers/repository.js": {"path":"/Users/chrisvogt/Code/gatsby-theme-private-sphere/theme/src/components/widgets/github/renderers/repository.js","statementMap":{"0":{"start":{"line":10,"column":19},"end":{"line":57,"column":1}},"1":{"start":{"line":16,"column":2},"end":{"line":56,"column":8}},"2":{"start":{"line":59,"column":0},"end":{"line":68,"column":1}}},"fnMap":{"0":{"name":"(anonymous_0)","decl":{"start":{"line":10,"column":19},"end":{"line":10,"column":20}},"loc":{"start":{"line":16,"column":2},"end":{"line":56,"column":8}},"line":16}},"branchMap":{},"s":{"0":0,"1":0,"2":0},"f":{"0":0},"b":{}}
,"/Users/chrisvogt/Code/gatsby-theme-private-sphere/theme/src/components/widgets/github/selectors/get-pinned-items.js": {"path":"/Users/chrisvogt/Code/gatsby-theme-private-sphere/theme/src/components/widgets/github/selectors/get-pinned-items.js","statementMap":{"0":{"start":{"line":1,"column":23},"end":{"line":5,"column":1}},"1":{"start":{"line":2,"column":62},"end":{"line":2,"column":69}},"2":{"start":{"line":4,"column":2},"end":{"line":4,"column":14}}},"fnMap":{"0":{"name":"(anonymous_0)","decl":{"start":{"line":1,"column":23},"end":{"line":1,"column":24}},"loc":{"start":{"line":1,"column":34},"end":{"line":5,"column":1}},"line":1}},"branchMap":{"0":{"loc":{"start":{"line":2,"column":16},"end":{"line":2,"column":57}},"type":"default-arg","locations":[{"start":{"line":2,"column":55},"end":{"line":2,"column":57}}],"line":2},"1":{"loc":{"start":{"line":2,"column":31},"end":{"line":2,"column":50}},"type":"default-arg","locations":[{"start":{"line":2,"column":48},"end":{"line":2,"column":50}}],"line":2},"2":{"loc":{"start":{"line":2,"column":33},"end":{"line":2,"column":43}},"type":"default-arg","locations":[{"start":{"line":2,"column":41},"end":{"line":2,"column":43}}],"line":2}},"s":{"0":0,"1":0,"2":0},"f":{"0":0},"b":{"0":[0],"1":[0],"2":[0]}}
,"/Users/chrisvogt/Code/gatsby-theme-private-sphere/theme/src/components/widgets/github/selectors/get-pull-request.js": {"path":"/Users/chrisvogt/Code/gatsby-theme-private-sphere/theme/src/components/widgets/github/selectors/get-pull-request.js","statementMap":{"0":{"start":{"line":1,"column":23},"end":{"line":7,"column":1}},"1":{"start":{"line":4,"column":6},"end":{"line":4,"column":13}},"2":{"start":{"line":6,"column":2},"end":{"line":6,"column":24}}},"fnMap":{"0":{"name":"(anonymous_0)","decl":{"start":{"line":1,"column":23},"end":{"line":1,"column":24}},"loc":{"start":{"line":1,"column":34},"end":{"line":7,"column":1}},"line":1}},"branchMap":{"0":{"loc":{"start":{"line":3,"column":10},"end":{"line":3,"column":66}},"type":"default-arg","locations":[{"start":{"line":3,"column":64},"end":{"line":3,"column":66}}],"line":3},"1":{"loc":{"start":{"line":3,"column":26},"end":{"line":3,"column":59}},"type":"default-arg","locations":[{"start":{"line":3,"column":57},"end":{"line":3,"column":59}}],"line":3},"2":{"loc":{"start":{"line":3,"column":35},"end":{"line":3,"column":52}},"type":"default-arg","locations":[{"start":{"line":3,"column":50},"end":{"line":3,"column":52}}],"line":3}},"s":{"0":0,"1":0,"2":0},"f":{"0":0},"b":{"0":[0],"1":[0],"2":[0]}}
,"/Users/chrisvogt/Code/gatsby-theme-private-sphere/theme/src/components/widgets/github/selectors/get-user.js": {"path":"/Users/chrisvogt/Code/gatsby-theme-private-sphere/theme/src/components/widgets/github/selectors/get-user.js","statementMap":{"0":{"start":{"line":1,"column":29},"end":{"line":1,"column":33}}},"fnMap":{"0":{"name":"(anonymous_0)","decl":{"start":{"line":1,"column":15},"end":{"line":1,"column":16}},"loc":{"start":{"line":1,"column":29},"end":{"line":1,"column":33}},"line":1}},"branchMap":{},"s":{"0":0},"f":{"0":0},"b":{}}
,"/Users/chrisvogt/Code/gatsby-theme-private-sphere/theme/src/components/widgets/goodreads/book-link.js": {"path":"/Users/chrisvogt/Code/gatsby-theme-private-sphere/theme/src/components/widgets/goodreads/book-link.js","statementMap":{"0":{"start":{"line":6,"column":17},"end":{"line":10,"column":1}},"1":{"start":{"line":7,"column":2},"end":{"line":9,"column":13}},"2":{"start":{"line":12,"column":0},"end":{"line":16,"column":1}}},"fnMap":{"0":{"name":"(anonymous_0)","decl":{"start":{"line":6,"column":17},"end":{"line":6,"column":18}},"loc":{"start":{"line":7,"column":2},"end":{"line":9,"column":13}},"line":7}},"branchMap":{},"s":{"0":1,"1":1,"2":1},"f":{"0":1},"b":{},"_coverageSchema":"1a1c01bbd47fc00a2c39e90264f33305004495a9","hash":"f6d57a0478f26f12141f988276d32ddd9b6ca88f"}
,"/Users/chrisvogt/Code/gatsby-theme-private-sphere/theme/src/components/widgets/goodreads/goodreads-widget.js": {"path":"/Users/chrisvogt/Code/gatsby-theme-private-sphere/theme/src/components/widgets/goodreads/goodreads-widget.js","statementMap":{"0":{"start":{"line":17,"column":29},"end":{"line":20,"column":8}},"1":{"start":{"line":18,"column":2},"end":{"line":20,"column":8}},"2":{"start":{"line":19,"column":33},"end":{"line":19,"column":75}},"3":{"start":{"line":23,"column":34},"end":{"line":23,"column":50}},"4":{"start":{"line":24,"column":32},"end":{"line":24,"column":50}},"5":{"start":{"line":26,"column":41},"end":{"line":26,"column":45}},"6":{"start":{"line":28,"column":17},"end":{"line":28,"column":64}},"7":{"start":{"line":29,"column":19},"end":{"line":29,"column":36}},"8":{"start":{"line":30,"column":28},"end":{"line":30,"column":58}},"9":{"start":{"line":33,"column":4},"end":{"line":40,"column":19}},"10":{"start":{"line":43,"column":2},"end":{"line":61,"column":3}}},"fnMap":{"0":{"name":"(anonymous_0)","decl":{"start":{"line":17,"column":29},"end":{"line":17,"column":30}},"loc":{"start":{"line":18,"column":2},"end":{"line":20,"column":8}},"line":18},"1":{"name":"(anonymous_1)","decl":{"start":{"line":19,"column":19},"end":{"line":19,"column":20}},"loc":{"start":{"line":19,"column":33},"end":{"line":19,"column":75}},"line":19},"2":{"name":"(anonymous_2)","decl":{"start":{"line":22,"column":15},"end":{"line":22,"column":16}},"loc":{"start":{"line":22,"column":21},"end":{"line":62,"column":1}},"line":22}},"branchMap":{"0":{"loc":{"start":{"line":18,"column":2},"end":{"line":20,"column":8}},"type":"cond-expr","locations":[{"start":{"line":19,"column":6},"end":{"line":19,"column":76}},{"start":{"line":20,"column":6},"end":{"line":20,"column":8}}],"line":18},"1":{"loc":{"start":{"line":19,"column":33},"end":{"line":19,"column":75}},"type":"binary-expr","locations":[{"start":{"line":19,"column":33},"end":{"line":19,"column":54}},{"start":{"line":19,"column":58},"end":{"line":19,"column":75}}],"line":19},"2":{"loc":{"start":{"line":26,"column":10},"end":{"line":26,"column":22}},"type":"default-arg","locations":[{"start":{"line":26,"column":20},"end":{"line":26,"column":22}}],"line":26},"3":{"loc":{"start":{"line":26,"column":24},"end":{"line":26,"column":36}},"type":"default-arg","locations":[{"start":{"line":26,"column":34},"end":{"line":26,"column":36}}],"line":26},"4":{"loc":{"start":{"line":28,"column":17},"end":{"line":28,"column":64}},"type":"binary-expr","locations":[{"start":{"line":28,"column":17},"end":{"line":28,"column":31}},{"start":{"line":28,"column":35},"end":{"line":28,"column":64}}],"line":28},"5":{"loc":{"start":{"line":36,"column":17},"end":{"line":36,"column":48}},"type":"binary-expr","locations":[{"start":{"line":36,"column":17},"end":{"line":36,"column":31}},{"start":{"line":36,"column":35},"end":{"line":36,"column":48}}],"line":36}},"s":{"0":0,"1":0,"2":0,"3":0,"4":0,"5":0,"6":0,"7":0,"8":0,"9":0,"10":0},"f":{"0":0,"1":0,"2":0},"b":{"0":[0,0],"1":[0,0],"2":[0],"3":[0],"4":[0,0],"5":[0,0]}}
,"/Users/chrisvogt/Code/gatsby-theme-private-sphere/theme/src/components/widgets/goodreads/index.js": {"path":"/Users/chrisvogt/Code/gatsby-theme-private-sphere/theme/src/components/widgets/goodreads/index.js","statementMap":{},"fnMap":{},"branchMap":{},"s":{},"f":{},"b":{}}
,"/Users/chrisvogt/Code/gatsby-theme-private-sphere/theme/src/components/widgets/goodreads/recently-read-books.js": {"path":"/Users/chrisvogt/Code/gatsby-theme-private-sphere/theme/src/components/widgets/goodreads/recently-read-books.js","statementMap":{"0":{"start":{"line":9,"column":26},"end":{"line":53,"column":1}},"1":{"start":{"line":10,"column":2},"end":{"line":52,"column":8}},"2":{"start":{"line":31,"column":14},"end":{"line":36,"column":15}},"3":{"start":{"line":40,"column":70},"end":{"line":40,"column":74}},"4":{"start":{"line":41,"column":12},"end":{"line":48,"column":13}}},"fnMap":{"0":{"name":"(anonymous_0)","decl":{"start":{"line":9,"column":26},"end":{"line":9,"column":27}},"loc":{"start":{"line":10,"column":2},"end":{"line":52,"column":8}},"line":10},"1":{"name":"(anonymous_1)","decl":{"start":{"line":30,"column":17},"end":{"line":30,"column":18}},"loc":{"start":{"line":30,"column":25},"end":{"line":37,"column":13}},"line":30},"2":{"name":"(anonymous_2)","decl":{"start":{"line":39,"column":20},"end":{"line":39,"column":21}},"loc":{"start":{"line":39,"column":28},"end":{"line":49,"column":11}},"line":39}},"branchMap":{"0":{"loc":{"start":{"line":27,"column":9},"end":{"line":37,"column":14}},"type":"binary-expr","locations":[{"start":{"line":27,"column":9},"end":{"line":27,"column":18}},{"start":{"line":28,"column":10},"end":{"line":37,"column":14}}],"line":27},"1":{"loc":{"start":{"line":38,"column":9},"end":{"line":49,"column":12}},"type":"binary-expr","locations":[{"start":{"line":38,"column":9},"end":{"line":38,"column":19}},{"start":{"line":39,"column":10},"end":{"line":49,"column":12}}],"line":38}},"s":{"0":0,"1":0,"2":0,"3":0,"4":0},"f":{"0":0,"1":0,"2":0},"b":{"0":[0,0],"1":[0,0]}}
,"/Users/chrisvogt/Code/gatsby-theme-private-sphere/theme/src/components/widgets/goodreads/user-profile.js": {"path":"/Users/chrisvogt/Code/gatsby-theme-private-sphere/theme/src/components/widgets/goodreads/user-profile.js","statementMap":{"0":{"start":{"line":10,"column":20},"end":{"line":72,"column":1}},"1":{"start":{"line":11,"column":53},"end":{"line":11,"column":60}},"2":{"start":{"line":13,"column":18},"end":{"line":24,"column":3}},"3":{"start":{"line":26,"column":2},"end":{"line":71,"column":3}},"4":{"start":{"line":62,"column":10},"end":{"line":67,"column":12}},"5":{"start":{"line":74,"column":0},"end":{"line":83,"column":1}}},"fnMap":{"0":{"name":"(anonymous_0)","decl":{"start":{"line":10,"column":20},"end":{"line":10,"column":21}},"loc":{"start":{"line":10,"column":48},"end":{"line":72,"column":1}},"line":10},"1":{"name":"(anonymous_1)","decl":{"start":{"line":61,"column":21},"end":{"line":61,"column":22}},"loc":{"start":{"line":62,"column":10},"end":{"line":67,"column":12}},"line":62}},"branchMap":{},"s":{"0":0,"1":0,"2":0,"3":0,"4":0,"5":0},"f":{"0":0,"1":0},"b":{}}
,"/Users/chrisvogt/Code/gatsby-theme-private-sphere/theme/src/components/widgets/goodreads/user-status.js": {"path":"/Users/chrisvogt/Code/gatsby-theme-private-sphere/theme/src/components/widgets/goodreads/user-status.js","statementMap":{"0":{"start":{"line":12,"column":26},"end":{"line":12,"column":62}},"1":{"start":{"line":12,"column":34},"end":{"line":12,"column":62}},"2":{"start":{"line":14,"column":23},"end":{"line":23,"column":1}},"3":{"start":{"line":15,"column":17},"end":{"line":18,"column":15}},"4":{"start":{"line":16,"column":4},"end":{"line":18,"column":15}},"5":{"start":{"line":20,"column":17},"end":{"line":20,"column":60}},"6":{"start":{"line":22,"column":2},"end":{"line":22,"column":15}},"7":{"start":{"line":25,"column":28},"end":{"line":29,"column":1}},"8":{"start":{"line":27,"column":4},"end":{"line":27,"column":78}},"9":{"start":{"line":28,"column":34},"end":{"line":28,"column":63}},"10":{"start":{"line":31,"column":19},"end":{"line":94,"column":1}},"11":{"start":{"line":32,"column":34},"end":{"line":32,"column":40}},"12":{"start":{"line":34,"column":21},"end":{"line":36,"column":18}},"13":{"start":{"line":38,"column":2},"end":{"line":93,"column":3}},"14":{"start":{"line":96,"column":0},"end":{"line":107,"column":1}}},"fnMap":{"0":{"name":"(anonymous_0)","decl":{"start":{"line":12,"column":26},"end":{"line":12,"column":27}},"loc":{"start":{"line":12,"column":34},"end":{"line":12,"column":62}},"line":12},"1":{"name":"(anonymous_1)","decl":{"start":{"line":14,"column":23},"end":{"line":14,"column":24}},"loc":{"start":{"line":14,"column":32},"end":{"line":23,"column":1}},"line":14},"2":{"name":"(anonymous_2)","decl":{"start":{"line":15,"column":17},"end":{"line":15,"column":18}},"loc":{"start":{"line":16,"column":4},"end":{"line":18,"column":15}},"line":16},"3":{"name":"(anonymous_3)","decl":{"start":{"line":26,"column":10},"end":{"line":26,"column":11}},"loc":{"start":{"line":27,"column":4},"end":{"line":27,"column":78}},"line":27},"4":{"name":"(anonymous_4)","decl":{"start":{"line":28,"column":14},"end":{"line":28,"column":15}},"loc":{"start":{"line":28,"column":34},"end":{"line":28,"column":63}},"line":28},"5":{"name":"(anonymous_5)","decl":{"start":{"line":31,"column":19},"end":{"line":31,"column":20}},"loc":{"start":{"line":31,"column":57},"end":{"line":94,"column":1}},"line":31}},"branchMap":{"0":{"loc":{"start":{"line":34,"column":21},"end":{"line":36,"column":18}},"type":"cond-expr","locations":[{"start":{"line":35,"column":6},"end":{"line":35,"column":39}},{"start":{"line":36,"column":6},"end":{"line":36,"column":18}}],"line":34}},"s":{"0":0,"1":0,"2":0,"3":0,"4":0,"5":0,"6":0,"7":0,"8":0,"9":0,"10":0,"11":0,"12":0,"13":0,"14":0},"f":{"0":0,"1":0,"2":0,"3":0,"4":0,"5":0},"b":{"0":[0,0]}}
,"/Users/chrisvogt/Code/gatsby-theme-private-sphere/theme/src/components/widgets/instagram/index.js": {"path":"/Users/chrisvogt/Code/gatsby-theme-private-sphere/theme/src/components/widgets/instagram/index.js","statementMap":{},"fnMap":{},"branchMap":{},"s":{},"f":{},"b":{}}
,"/Users/chrisvogt/Code/gatsby-theme-private-sphere/theme/src/components/widgets/instagram/instagram-widget-item.js": {"path":"/Users/chrisvogt/Code/gatsby-theme-private-sphere/theme/src/components/widgets/instagram/instagram-widget-item.js","statementMap":{"0":{"start":{"line":8,"column":28},"end":{"line":117,"column":1}},"1":{"start":{"line":18,"column":6},"end":{"line":18,"column":11}},"2":{"start":{"line":20,"column":36},"end":{"line":20,"column":51}},"3":{"start":{"line":21,"column":21},"end":{"line":21,"column":40}},"4":{"start":{"line":23,"column":2},"end":{"line":116,"column":3}},"5":{"start":{"line":27,"column":26},"end":{"line":27,"column":44}},"6":{"start":{"line":28,"column":26},"end":{"line":28,"column":45}}},"fnMap":{"0":{"name":"(anonymous_0)","decl":{"start":{"line":8,"column":28},"end":{"line":8,"column":29}},"loc":{"start":{"line":8,"column":37},"end":{"line":117,"column":1}},"line":8},"1":{"name":"(anonymous_1)","decl":{"start":{"line":27,"column":20},"end":{"line":27,"column":21}},"loc":{"start":{"line":27,"column":26},"end":{"line":27,"column":44}},"line":27},"2":{"name":"(anonymous_2)","decl":{"start":{"line":28,"column":20},"end":{"line":28,"column":21}},"loc":{"start":{"line":28,"column":26},"end":{"line":28,"column":45}},"line":28}},"branchMap":{"0":{"loc":{"start":{"line":10,"column":10},"end":{"line":17,"column":10}},"type":"default-arg","locations":[{"start":{"line":17,"column":8},"end":{"line":17,"column":10}}],"line":10},"1":{"loc":{"start":{"line":12,"column":25},"end":{"line":12,"column":42}},"type":"default-arg","locations":[{"start":{"line":12,"column":41},"end":{"line":12,"column":42}}],"line":12},"2":{"loc":{"start":{"line":13,"column":37},"end":{"line":13,"column":64}},"type":"default-arg","locations":[{"start":{"line":13,"column":62},"end":{"line":13,"column":64}}],"line":13},"3":{"loc":{"start":{"line":14,"column":22},"end":{"line":14,"column":36}},"type":"default-arg","locations":[{"start":{"line":14,"column":35},"end":{"line":14,"column":36}}],"line":14},"4":{"loc":{"start":{"line":36,"column":7},"end":{"line":86,"column":7}},"type":"binary-expr","locations":[{"start":{"line":36,"column":7},"end":{"line":36,"column":16}},{"start":{"line":37,"column":8},"end":{"line":85,"column":14}}],"line":36},"5":{"loc":{"start":{"line":88,"column":7},"end":{"line":99,"column":7}},"type":"binary-expr","locations":[{"start":{"line":88,"column":7},"end":{"line":88,"column":17}},{"start":{"line":89,"column":8},"end":{"line":98,"column":14}}],"line":88}},"s":{"0":0,"1":0,"2":0,"3":0,"4":0,"5":0,"6":0},"f":{"0":0,"1":0,"2":0},"b":{"0":[0],"1":[0],"2":[0],"3":[0],"4":[0,0],"5":[0,0]}}
,"/Users/chrisvogt/Code/gatsby-theme-private-sphere/theme/src/components/widgets/instagram/instagram-widget.js": {"path":"/Users/chrisvogt/Code/gatsby-theme-private-sphere/theme/src/components/widgets/instagram/instagram-widget.js","statementMap":{"0":{"start":{"line":17,"column":2},"end":{"line":22,"column":8}},"1":{"start":{"line":26,"column":31},"end":{"line":26,"column":50}},"2":{"start":{"line":27,"column":19},"end":{"line":27,"column":36}},"3":{"start":{"line":28,"column":28},"end":{"line":28,"column":58}},"4":{"start":{"line":31,"column":4},"end":{"line":38,"column":19}},"5":{"start":{"line":41,"column":2},"end":{"line":65,"column":3}},"6":{"start":{"line":53,"column":12},"end":{"line":60,"column":31}}},"fnMap":{"0":{"name":"(anonymous_0)","decl":{"start":{"line":25,"column":15},"end":{"line":25,"column":16}},"loc":{"start":{"line":25,"column":21},"end":{"line":66,"column":1}},"line":25},"1":{"name":"(anonymous_1)","decl":{"start":{"line":52,"column":65},"end":{"line":52,"column":66}},"loc":{"start":{"line":53,"column":12},"end":{"line":60,"column":31}},"line":53}},"branchMap":{"0":{"loc":{"start":{"line":52,"column":12},"end":{"line":52,"column":47}},"type":"cond-expr","locations":[{"start":{"line":52,"column":24},"end":{"line":52,"column":39}},{"start":{"line":52,"column":42},"end":{"line":52,"column":47}}],"line":52}},"s":{"0":0,"1":0,"2":0,"3":0,"4":0,"5":0,"6":0},"f":{"0":0,"1":0},"b":{"0":[0,0]}}
,"/Users/chrisvogt/Code/gatsby-theme-private-sphere/theme/src/components/widgets/recent-posts/index.js": {"path":"/Users/chrisvogt/Code/gatsby-theme-private-sphere/theme/src/components/widgets/recent-posts/index.js","statementMap":{},"fnMap":{},"branchMap":{},"s":{},"f":{},"b":{}}
,"/Users/chrisvogt/Code/gatsby-theme-private-sphere/theme/src/components/widgets/recent-posts/post-card.js": {"path":"/Users/chrisvogt/Code/gatsby-theme-private-sphere/theme/src/components/widgets/recent-posts/post-card.js","statementMap":{"0":{"start":{"line":6,"column":2},"end":{"line":49,"column":9}}},"fnMap":{"0":{"name":"(anonymous_0)","decl":{"start":{"line":5,"column":15},"end":{"line":5,"column":16}},"loc":{"start":{"line":6,"column":2},"end":{"line":49,"column":9}},"line":6}},"branchMap":{"0":{"loc":{"start":{"line":17,"column":7},"end":{"line":31,"column":7}},"type":"binary-expr","locations":[{"start":{"line":17,"column":7},"end":{"line":17,"column":13}},{"start":{"line":18,"column":8},"end":{"line":30,"column":14}}],"line":17},"1":{"loc":{"start":{"line":33,"column":7},"end":{"line":35,"column":7}},"type":"binary-expr","locations":[{"start":{"line":33,"column":7},"end":{"line":33,"column":15}},{"start":{"line":34,"column":8},"end":{"line":34,"column":69}}],"line":33}},"s":{"0":0},"f":{"0":0},"b":{"0":[0,0],"1":[0,0]}}
,"/Users/chrisvogt/Code/gatsby-theme-private-sphere/theme/src/components/widgets/recent-posts/recent-posts-widget.js": {"path":"/Users/chrisvogt/Code/gatsby-theme-private-sphere/theme/src/components/widgets/recent-posts/recent-posts-widget.js","statementMap":{"0":{"start":{"line":13,"column":16},"end":{"line":13,"column":32}},"1":{"start":{"line":15,"column":25},"end":{"line":28,"column":3}},"2":{"start":{"line":17,"column":4},"end":{"line":26,"column":5}},"3":{"start":{"line":19,"column":8},"end":{"line":19,"column":23}},"4":{"start":{"line":20,"column":8},"end":{"line":20,"column":13}},"5":{"start":{"line":22,"column":8},"end":{"line":22,"column":23}},"6":{"start":{"line":23,"column":8},"end":{"line":23,"column":13}},"7":{"start":{"line":25,"column":8},"end":{"line":25,"column":23}},"8":{"start":{"line":27,"column":4},"end":{"line":27,"column":22}},"9":{"start":{"line":31,"column":4},"end":{"line":34,"column":19}},"10":{"start":{"line":37,"column":2},"end":{"line":68,"column":3}},"11":{"start":{"line":55,"column":12},"end":{"line":63,"column":14}}},"fnMap":{"0":{"name":"(anonymous_0)","decl":{"start":{"line":12,"column":15},"end":{"line":12,"column":16}},"loc":{"start":{"line":12,"column":21},"end":{"line":69,"column":1}},"line":12},"1":{"name":"(anonymous_1)","decl":{"start":{"line":15,"column":25},"end":{"line":15,"column":26}},"loc":{"start":{"line":15,"column":39},"end":{"line":28,"column":3}},"line":15},"2":{"name":"(anonymous_2)","decl":{"start":{"line":54,"column":21},"end":{"line":54,"column":22}},"loc":{"start":{"line":55,"column":12},"end":{"line":63,"column":14}},"line":55}},"branchMap":{"0":{"loc":{"start":{"line":17,"column":4},"end":{"line":26,"column":5}},"type":"switch","locations":[{"start":{"line":18,"column":6},"end":{"line":20,"column":13}},{"start":{"line":21,"column":6},"end":{"line":23,"column":13}},{"start":{"line":24,"column":6},"end":{"line":25,"column":23}}],"line":17}},"s":{"0":0,"1":0,"2":0,"3":0,"4":0,"5":0,"6":0,"7":0,"8":0,"9":0,"10":0,"11":0},"f":{"0":0,"1":0,"2":0},"b":{"0":[0,0,0]}}
,"/Users/chrisvogt/Code/gatsby-theme-private-sphere/theme/src/components/widgets/spotify/index.js": {"path":"/Users/chrisvogt/Code/gatsby-theme-private-sphere/theme/src/components/widgets/spotify/index.js","statementMap":{},"fnMap":{},"branchMap":{},"s":{},"f":{},"b":{}}
,"/Users/chrisvogt/Code/gatsby-theme-private-sphere/theme/src/components/widgets/spotify/spotify-widget.js": {"path":"/Users/chrisvogt/Code/gatsby-theme-private-sphere/theme/src/components/widgets/spotify/spotify-widget.js","statementMap":{"0":{"start":{"line":13,"column":22},"end":{"line":50,"column":1}},"1":{"start":{"line":14,"column":33},"end":{"line":14,"column":60}},"2":{"start":{"line":21,"column":6},"end":{"line":21,"column":13}},"3":{"start":{"line":24,"column":4},"end":{"line":31,"column":19}},"4":{"start":{"line":34,"column":2},"end":{"line":49,"column":3}}},"fnMap":{"0":{"name":"(anonymous_0)","decl":{"start":{"line":13,"column":22},"end":{"line":13,"column":23}},"loc":{"start":{"line":13,"column":28},"end":{"line":50,"column":1}},"line":13}},"branchMap":{"0":{"loc":{"start":{"line":17,"column":17},"end":{"line":17,"column":35}},"type":"default-arg","locations":[{"start":{"line":17,"column":33},"end":{"line":17,"column":35}}],"line":17},"1":{"loc":{"start":{"line":19,"column":13},"end":{"line":19,"column":65}},"type":"default-arg","locations":[{"start":{"line":19,"column":63},"end":{"line":19,"column":65}}],"line":19},"2":{"loc":{"start":{"line":20,"column":14},"end":{"line":20,"column":55}},"type":"default-arg","locations":[{"start":{"line":20,"column":53},"end":{"line":20,"column":55}}],"line":20}},"s":{"0":0,"1":0,"2":0,"3":0,"4":0},"f":{"0":0},"b":{"0":[0],"1":[0],"2":[0]}}
,"/Users/chrisvogt/Code/gatsby-theme-private-sphere/theme/src/components/widgets/spotify/top-tracks.js": {"path":"/Users/chrisvogt/Code/gatsby-theme-private-sphere/theme/src/components/widgets/spotify/top-tracks.js","statementMap":{"0":{"start":{"line":8,"column":18},"end":{"line":52,"column":1}},"1":{"start":{"line":9,"column":2},"end":{"line":51,"column":8}},"2":{"start":{"line":29,"column":12},"end":{"line":34,"column":13}},"3":{"start":{"line":38,"column":61},"end":{"line":38,"column":66}},"4":{"start":{"line":39,"column":31},"end":{"line":40,"column":16}},"5":{"start":{"line":39,"column":57},"end":{"line":39,"column":76}},"6":{"start":{"line":41,"column":10},"end":{"line":48,"column":11}}},"fnMap":{"0":{"name":"(anonymous_0)","decl":{"start":{"line":8,"column":18},"end":{"line":8,"column":19}},"loc":{"start":{"line":9,"column":2},"end":{"line":51,"column":8}},"line":9},"1":{"name":"(anonymous_1)","decl":{"start":{"line":28,"column":15},"end":{"line":28,"column":16}},"loc":{"start":{"line":28,"column":23},"end":{"line":35,"column":11}},"line":28},"2":{"name":"(anonymous_2)","decl":{"start":{"line":37,"column":19},"end":{"line":37,"column":20}},"loc":{"start":{"line":37,"column":28},"end":{"line":49,"column":9}},"line":37},"3":{"name":"(anonymous_3)","decl":{"start":{"line":39,"column":48},"end":{"line":39,"column":49}},"loc":{"start":{"line":39,"column":57},"end":{"line":39,"column":76}},"line":39}},"branchMap":{"0":{"loc":{"start":{"line":25,"column":7},"end":{"line":35,"column":12}},"type":"binary-expr","locations":[{"start":{"line":25,"column":7},"end":{"line":25,"column":16}},{"start":{"line":26,"column":8},"end":{"line":35,"column":12}}],"line":25},"1":{"loc":{"start":{"line":36,"column":7},"end":{"line":49,"column":10}},"type":"binary-expr","locations":[{"start":{"line":36,"column":7},"end":{"line":36,"column":17}},{"start":{"line":37,"column":8},"end":{"line":49,"column":10}}],"line":36},"2":{"loc":{"start":{"line":38,"column":18},"end":{"line":38,"column":34}},"type":"default-arg","locations":[{"start":{"line":38,"column":32},"end":{"line":38,"column":34}}],"line":38}},"s":{"0":0,"1":0,"2":0,"3":0,"4":0,"5":0,"6":0},"f":{"0":0,"1":0,"2":0,"3":0},"b":{"0":[0,0],"1":[0,0],"2":[0]}}
,"/Users/chrisvogt/Code/gatsby-theme-private-sphere/theme/src/components/widgets/spotify/track-preview.js": {"path":"/Users/chrisvogt/Code/gatsby-theme-private-sphere/theme/src/components/widgets/spotify/track-preview.js","statementMap":{"0":{"start":{"line":5,"column":21},"end":{"line":23,"column":1}},"1":{"start":{"line":6,"column":2},"end":{"line":22,"column":13}},"2":{"start":{"line":25,"column":0},"end":{"line":29,"column":1}}},"fnMap":{"0":{"name":"(anonymous_0)","decl":{"start":{"line":5,"column":21},"end":{"line":5,"column":22}},"loc":{"start":{"line":6,"column":2},"end":{"line":22,"column":13}},"line":6}},"branchMap":{},"s":{"0":0,"1":0,"2":0},"f":{"0":0},"b":{}}
,"/Users/chrisvogt/Code/gatsby-theme-private-sphere/theme/src/components/widgets/spotify/user-profile.js": {"path":"/Users/chrisvogt/Code/gatsby-theme-private-sphere/theme/src/components/widgets/spotify/user-profile.js","statementMap":{"0":{"start":{"line":8,"column":20},"end":{"line":38,"column":1}},"1":{"start":{"line":9,"column":2},"end":{"line":37,"column":3}},"2":{"start":{"line":28,"column":10},"end":{"line":33,"column":12}},"3":{"start":{"line":40,"column":0},"end":{"line":52,"column":1}}},"fnMap":{"0":{"name":"(anonymous_0)","decl":{"start":{"line":8,"column":20},"end":{"line":8,"column":21}},"loc":{"start":{"line":8,"column":48},"end":{"line":38,"column":1}},"line":8},"1":{"name":"(anonymous_1)","decl":{"start":{"line":27,"column":46},"end":{"line":27,"column":47}},"loc":{"start":{"line":28,"column":10},"end":{"line":33,"column":12}},"line":28}},"branchMap":{"0":{"loc":{"start":{"line":27,"column":10},"end":{"line":27,"column":40}},"type":"cond-expr","locations":[{"start":{"line":27,"column":22},"end":{"line":27,"column":30}},{"start":{"line":27,"column":33},"end":{"line":27,"column":40}}],"line":27}},"s":{"0":0,"1":0,"2":0,"3":0},"f":{"0":0,"1":0},"b":{"0":[0,0]}}
,"/Users/chrisvogt/Code/gatsby-theme-private-sphere/theme/src/gatsby-plugin-theme-ui/index.js": {"path":"/Users/chrisvogt/Code/gatsby-theme-private-sphere/theme/src/gatsby-plugin-theme-ui/index.js","statementMap":{},"fnMap":{},"branchMap":{},"s":{},"f":{},"b":{}}
,"/Users/chrisvogt/Code/gatsby-theme-private-sphere/theme/src/gatsby-plugin-theme-ui/styles.js": {"path":"/Users/chrisvogt/Code/gatsby-theme-private-sphere/theme/src/gatsby-plugin-theme-ui/styles.js","statementMap":{"0":{"start":{"line":3,"column":19},"end":{"line":3,"column":66}},"1":{"start":{"line":5,"column":27},"end":{"line":5,"column":35}},"2":{"start":{"line":7,"column":21},"end":{"line":14,"column":1}},"3":{"start":{"line":16,"column":24},"end":{"line":18,"column":1}},"4":{"start":{"line":20,"column":13},"end":{"line":29,"column":1}}},"fnMap":{},"branchMap":{},"s":{"0":0,"1":0,"2":0,"3":0,"4":0},"f":{},"b":{}}
,"/Users/chrisvogt/Code/gatsby-theme-private-sphere/theme/src/gatsby-plugin-theme-ui/abstracts/colors.js": {"path":"/Users/chrisvogt/Code/gatsby-theme-private-sphere/theme/src/gatsby-plugin-theme-ui/abstracts/colors.js","statementMap":{},"fnMap":{},"branchMap":{},"s":{},"f":{},"b":{}}
,"/Users/chrisvogt/Code/gatsby-theme-private-sphere/theme/src/gatsby-plugin-theme-ui/abstracts/fonts.js": {"path":"/Users/chrisvogt/Code/gatsby-theme-private-sphere/theme/src/gatsby-plugin-theme-ui/abstracts/fonts.js","statementMap":{},"fnMap":{},"branchMap":{},"s":{},"f":{},"b":{}}
,"/Users/chrisvogt/Code/gatsby-theme-private-sphere/theme/src/hooks/use-goodreads-user.js": {"path":"/Users/chrisvogt/Code/gatsby-theme-private-sphere/theme/src/hooks/use-goodreads-user.js","statementMap":{"0":{"start":{"line":4,"column":25},"end":{"line":17,"column":1}},"1":{"start":{"line":5,"column":26},"end":{"line":5,"column":64}},"2":{"start":{"line":6,"column":36},"end":{"line":6,"column":50}},"3":{"start":{"line":8,"column":2},"end":{"line":14,"column":8}},"4":{"start":{"line":9,"column":5},"end":{"line":13,"column":8}},"5":{"start":{"line":10,"column":28},"end":{"line":10,"column":63}},"6":{"start":{"line":11,"column":6},"end":{"line":11,"column":28}},"7":{"start":{"line":12,"column":6},"end":{"line":12,"column":25}},"8":{"start":{"line":16,"column":2},"end":{"line":16,"column":26}}},"fnMap":{"0":{"name":"(anonymous_0)","decl":{"start":{"line":4,"column":25},"end":{"line":4,"column":26}},"loc":{"start":{"line":4,"column":31},"end":{"line":17,"column":1}},"line":4},"1":{"name":"(anonymous_1)","decl":{"start":{"line":8,"column":12},"end":{"line":8,"column":13}},"loc":{"start":{"line":8,"column":18},"end":{"line":14,"column":3}},"line":8},"2":{"name":"(anonymous_2)","decl":{"start":{"line":9,"column":6},"end":{"line":9,"column":7}},"loc":{"start":{"line":9,"column":18},"end":{"line":13,"column":5}},"line":9}},"branchMap":{},"s":{"0":0,"1":0,"2":0,"3":0,"4":0,"5":0,"6":0,"7":0,"8":0},"f":{"0":0,"1":0,"2":0},"b":{}}
,"/Users/chrisvogt/Code/gatsby-theme-private-sphere/theme/src/hooks/use-instagram-posts.js": {"path":"/Users/chrisvogt/Code/gatsby-theme-private-sphere/theme/src/hooks/use-instagram-posts.js","statementMap":{"0":{"start":{"line":4,"column":26},"end":{"line":20,"column":1}},"1":{"start":{"line":5,"column":28},"end":{"line":5,"column":40}},"2":{"start":{"line":6,"column":36},"end":{"line":6,"column":50}},"3":{"start":{"line":8,"column":2},"end":{"line":14,"column":8}},"4":{"start":{"line":9,"column":5},"end":{"line":13,"column":8}},"5":{"start":{"line":10,"column":20},"end":{"line":10,"column":45}},"6":{"start":{"line":11,"column":6},"end":{"line":11,"column":21}},"7":{"start":{"line":12,"column":6},"end":{"line":12,"column":25}},"8":{"start":{"line":16,"column":2},"end":{"line":19,"column":3}}},"fnMap":{"0":{"name":"(anonymous_0)","decl":{"start":{"line":4,"column":26},"end":{"line":4,"column":27}},"loc":{"start":{"line":4,"column":32},"end":{"line":20,"column":1}},"line":4},"1":{"name":"(anonymous_1)","decl":{"start":{"line":8,"column":12},"end":{"line":8,"column":13}},"loc":{"start":{"line":8,"column":18},"end":{"line":14,"column":3}},"line":8},"2":{"name":"(anonymous_2)","decl":{"start":{"line":9,"column":6},"end":{"line":9,"column":7}},"loc":{"start":{"line":9,"column":18},"end":{"line":13,"column":5}},"line":9}},"branchMap":{},"s":{"0":0,"1":0,"2":0,"3":0,"4":0,"5":0,"6":0,"7":0,"8":0},"f":{"0":0,"1":0,"2":0},"b":{}}
,"/Users/chrisvogt/Code/gatsby-theme-private-sphere/theme/src/hooks/use-navigation-data.js": {"path":"/Users/chrisvogt/Code/gatsby-theme-private-sphere/theme/src/hooks/use-navigation-data.js","statementMap":{"0":{"start":{"line":4,"column":22},"end":{"line":7,"column":1}},"1":{"start":{"line":5,"column":18},"end":{"line":5,"column":68}},"2":{"start":{"line":6,"column":2},"end":{"line":6,"column":16}},"3":{"start":{"line":9,"column":26},"end":{"line":41,"column":1}},"4":{"start":{"line":10,"column":19},"end":{"line":37,"column":3}},"5":{"start":{"line":39,"column":18},"end":{"line":39,"column":41}},"6":{"start":{"line":40,"column":2},"end":{"line":40,"column":16}}},"fnMap":{"0":{"name":"(anonymous_0)","decl":{"start":{"line":4,"column":22},"end":{"line":4,"column":23}},"loc":{"start":{"line":4,"column":30},"end":{"line":7,"column":1}},"line":4},"1":{"name":"(anonymous_1)","decl":{"start":{"line":9,"column":26},"end":{"line":9,"column":27}},"loc":{"start":{"line":9,"column":32},"end":{"line":41,"column":1}},"line":9}},"branchMap":{},"s":{"0":0,"1":0,"2":0,"3":0,"4":0,"5":0,"6":0},"f":{"0":0,"1":0},"b":{}}
,"/Users/chrisvogt/Code/gatsby-theme-private-sphere/theme/src/hooks/use-recent-books.js": {"path":"/Users/chrisvogt/Code/gatsby-theme-private-sphere/theme/src/hooks/use-recent-books.js","statementMap":{"0":{"start":{"line":4,"column":23},"end":{"line":17,"column":1}},"1":{"start":{"line":5,"column":28},"end":{"line":5,"column":40}},"2":{"start":{"line":6,"column":36},"end":{"line":6,"column":50}},"3":{"start":{"line":8,"column":2},"end":{"line":14,"column":8}},"4":{"start":{"line":9,"column":5},"end":{"line":13,"column":8}},"5":{"start":{"line":10,"column":20},"end":{"line":10,"column":42}},"6":{"start":{"line":11,"column":6},"end":{"line":11,"column":21}},"7":{"start":{"line":12,"column":6},"end":{"line":12,"column":25}},"8":{"start":{"line":16,"column":2},"end":{"line":16,"column":27}}},"fnMap":{"0":{"name":"(anonymous_0)","decl":{"start":{"line":4,"column":23},"end":{"line":4,"column":24}},"loc":{"start":{"line":4,"column":29},"end":{"line":17,"column":1}},"line":4},"1":{"name":"(anonymous_1)","decl":{"start":{"line":8,"column":12},"end":{"line":8,"column":13}},"loc":{"start":{"line":8,"column":18},"end":{"line":14,"column":3}},"line":8},"2":{"name":"(anonymous_2)","decl":{"start":{"line":9,"column":6},"end":{"line":9,"column":7}},"loc":{"start":{"line":9,"column":18},"end":{"line":13,"column":5}},"line":9}},"branchMap":{},"s":{"0":0,"1":0,"2":0,"3":0,"4":0,"5":0,"6":0,"7":0,"8":0},"f":{"0":0,"1":0,"2":0},"b":{}}
,"/Users/chrisvogt/Code/gatsby-theme-private-sphere/theme/src/hooks/use-recent-posts.js": {"path":"/Users/chrisvogt/Code/gatsby-theme-private-sphere/theme/src/hooks/use-recent-posts.js","statementMap":{"0":{"start":{"line":3,"column":24},"end":{"line":7,"column":1}},"1":{"start":{"line":4,"column":42},"end":{"line":4,"column":53}},"2":{"start":{"line":5,"column":22},"end":{"line":5,"column":51}},"3":{"start":{"line":5,"column":46},"end":{"line":5,"column":50}},"4":{"start":{"line":6,"column":2},"end":{"line":6,"column":20}},"5":{"start":{"line":9,"column":23},"end":{"line":38,"column":1}},"6":{"start":{"line":10,"column":22},"end":{"line":34,"column":3}},"7":{"start":{"line":36,"column":22},"end":{"line":36,"column":43}},"8":{"start":{"line":37,"column":2},"end":{"line":37,"column":20}}},"fnMap":{"0":{"name":"(anonymous_0)","decl":{"start":{"line":3,"column":24},"end":{"line":3,"column":25}},"loc":{"start":{"line":3,"column":39},"end":{"line":7,"column":1}},"line":3},"1":{"name":"(anonymous_1)","decl":{"start":{"line":5,"column":32},"end":{"line":5,"column":33}},"loc":{"start":{"line":5,"column":46},"end":{"line":5,"column":50}},"line":5},"2":{"name":"(anonymous_2)","decl":{"start":{"line":9,"column":23},"end":{"line":9,"column":24}},"loc":{"start":{"line":9,"column":29},"end":{"line":38,"column":1}},"line":9}},"branchMap":{"0":{"loc":{"start":{"line":4,"column":18},"end":{"line":4,"column":37}},"type":"default-arg","locations":[{"start":{"line":4,"column":35},"end":{"line":4,"column":37}}],"line":4},"1":{"loc":{"start":{"line":4,"column":20},"end":{"line":4,"column":30}},"type":"default-arg","locations":[{"start":{"line":4,"column":28},"end":{"line":4,"column":30}}],"line":4}},"s":{"0":0,"1":0,"2":0,"3":0,"4":0,"5":0,"6":0,"7":0,"8":0},"f":{"0":0,"1":0,"2":0},"b":{"0":[0],"1":[0]}}
,"/Users/chrisvogt/Code/gatsby-theme-private-sphere/theme/src/hooks/use-site-metadata.js": {"path":"/Users/chrisvogt/Code/gatsby-theme-private-sphere/theme/src/hooks/use-site-metadata.js","statementMap":{"0":{"start":{"line":3,"column":24},"end":{"line":39,"column":1}},"1":{"start":{"line":4,"column":42},"end":{"line":36,"column":3}},"2":{"start":{"line":38,"column":2},"end":{"line":38,"column":21}}},"fnMap":{"0":{"name":"(anonymous_0)","decl":{"start":{"line":3,"column":24},"end":{"line":3,"column":25}},"loc":{"start":{"line":3,"column":30},"end":{"line":39,"column":1}},"line":3}},"branchMap":{"0":{"loc":{"start":{"line":4,"column":16},"end":{"line":4,"column":37}},"type":"default-arg","locations":[{"start":{"line":4,"column":35},"end":{"line":4,"column":37}}],"line":4}},"s":{"0":0,"1":0,"2":0},"f":{"0":0},"b":{"0":[0]}}
,"/Users/chrisvogt/Code/gatsby-theme-private-sphere/theme/src/hooks/use-social-profiles.js": {"path":"/Users/chrisvogt/Code/gatsby-theme-private-sphere/theme/src/hooks/use-social-profiles.js","statementMap":{"0":{"start":{"line":20,"column":14},"end":{"line":29,"column":1}},"1":{"start":{"line":31,"column":26},"end":{"line":55,"column":1}},"2":{"start":{"line":32,"column":34},"end":{"line":32,"column":46}},"3":{"start":{"line":33,"column":36},"end":{"line":33,"column":50}},"4":{"start":{"line":35,"column":2},"end":{"line":49,"column":8}},"5":{"start":{"line":36,"column":5},"end":{"line":48,"column":8}},"6":{"start":{"line":37,"column":31},"end":{"line":37,"column":56}},"7":{"start":{"line":38,"column":31},"end":{"line":44,"column":8}},"8":{"start":{"line":39,"column":45},"end":{"line":39,"column":52}},"9":{"start":{"line":40,"column":8},"end":{"line":43,"column":9}},"10":{"start":{"line":46,"column":6},"end":{"line":46,"column":35}},"11":{"start":{"line":47,"column":6},"end":{"line":47,"column":25}},"12":{"start":{"line":51,"column":2},"end":{"line":54,"column":3}}},"fnMap":{"0":{"name":"(anonymous_0)","decl":{"start":{"line":31,"column":26},"end":{"line":31,"column":27}},"loc":{"start":{"line":31,"column":32},"end":{"line":55,"column":1}},"line":31},"1":{"name":"(anonymous_1)","decl":{"start":{"line":35,"column":12},"end":{"line":35,"column":13}},"loc":{"start":{"line":35,"column":18},"end":{"line":49,"column":3}},"line":35},"2":{"name":"(anonymous_2)","decl":{"start":{"line":36,"column":6},"end":{"line":36,"column":7}},"loc":{"start":{"line":36,"column":18},"end":{"line":48,"column":5}},"line":36},"3":{"name":"(anonymous_3)","decl":{"start":{"line":38,"column":52},"end":{"line":38,"column":53}},"loc":{"start":{"line":38,"column":63},"end":{"line":44,"column":7}},"line":38}},"branchMap":{"0":{"loc":{"start":{"line":39,"column":22},"end":{"line":39,"column":40}},"type":"default-arg","locations":[{"start":{"line":39,"column":38},"end":{"line":39,"column":40}}],"line":39}},"s":{"0":0,"1":0,"2":0,"3":0,"4":0,"5":0,"6":0,"7":0,"8":0,"9":0,"10":0,"11":0,"12":0},"f":{"0":0,"1":0,"2":0,"3":0},"b":{"0":[0]}}
,"/Users/chrisvogt/Code/gatsby-theme-private-sphere/theme/src/hooks/use-widget-content.js": {"path":"/Users/chrisvogt/Code/gatsby-theme-private-sphere/theme/src/hooks/use-widget-content.js","statementMap":{"0":{"start":{"line":4,"column":25},"end":{"line":20,"column":1}},"1":{"start":{"line":5,"column":32},"end":{"line":5,"column":44}},"2":{"start":{"line":6,"column":36},"end":{"line":6,"column":50}},"3":{"start":{"line":8,"column":2},"end":{"line":14,"column":16}},"4":{"start":{"line":9,"column":5},"end":{"line":13,"column":8}},"5":{"start":{"line":10,"column":22},"end":{"line":10,"column":54}},"6":{"start":{"line":11,"column":6},"end":{"line":11,"column":25}},"7":{"start":{"line":12,"column":6},"end":{"line":12,"column":25}},"8":{"start":{"line":16,"column":2},"end":{"line":19,"column":3}}},"fnMap":{"0":{"name":"(anonymous_0)","decl":{"start":{"line":4,"column":25},"end":{"line":4,"column":26}},"loc":{"start":{"line":4,"column":37},"end":{"line":20,"column":1}},"line":4},"1":{"name":"(anonymous_1)","decl":{"start":{"line":8,"column":12},"end":{"line":8,"column":13}},"loc":{"start":{"line":8,"column":18},"end":{"line":14,"column":3}},"line":8},"2":{"name":"(anonymous_2)","decl":{"start":{"line":9,"column":6},"end":{"line":9,"column":7}},"loc":{"start":{"line":9,"column":18},"end":{"line":13,"column":5}},"line":9}},"branchMap":{},"s":{"0":0,"1":0,"2":0,"3":0,"4":0,"5":0,"6":0,"7":0,"8":0},"f":{"0":0,"1":0,"2":0},"b":{}}
,"/Users/chrisvogt/Code/gatsby-theme-private-sphere/theme/src/pages/latest.jsx": {"path":"/Users/chrisvogt/Code/gatsby-theme-private-sphere/theme/src/pages/latest.jsx","statementMap":{"0":{"start":{"line":14,"column":16},"end":{"line":14,"column":30}},"1":{"start":{"line":15,"column":2},"end":{"line":59,"column":3}},"2":{"start":{"line":43,"column":14},"end":{"line":51,"column":16}},"3":{"start":{"line":62,"column":25},"end":{"line":84,"column":1}}},"fnMap":{"0":{"name":"(anonymous_0)","decl":{"start":{"line":13,"column":15},"end":{"line":13,"column":16}},"loc":{"start":{"line":13,"column":29},"end":{"line":60,"column":1}},"line":13},"1":{"name":"(anonymous_1)","decl":{"start":{"line":42,"column":23},"end":{"line":42,"column":24}},"loc":{"start":{"line":43,"column":14},"end":{"line":51,"column":16}},"line":43}},"branchMap":{},"s":{"0":0,"1":0,"2":0,"3":0},"f":{"0":0,"1":0},"b":{}}
,"/Users/chrisvogt/Code/gatsby-theme-private-sphere/theme/src/selectors/metadata.js": {"path":"/Users/chrisvogt/Code/gatsby-theme-private-sphere/theme/src/selectors/metadata.js","statementMap":{"0":{"start":{"line":3,"column":28},"end":{"line":3,"column":66}},"1":{"start":{"line":3,"column":40},"end":{"line":3,"column":66}},"2":{"start":{"line":5,"column":26},"end":{"line":5,"column":62}},"3":{"start":{"line":5,"column":38},"end":{"line":5,"column":62}},"4":{"start":{"line":7,"column":30},"end":{"line":7,"column":70}},"5":{"start":{"line":7,"column":42},"end":{"line":7,"column":70}},"6":{"start":{"line":9,"column":33},"end":{"line":10,"column":41}},"7":{"start":{"line":10,"column":2},"end":{"line":10,"column":41}},"8":{"start":{"line":12,"column":36},"end":{"line":13,"column":44}},"9":{"start":{"line":13,"column":2},"end":{"line":13,"column":44}},"10":{"start":{"line":15,"column":27},"end":{"line":15,"column":64}},"11":{"start":{"line":15,"column":39},"end":{"line":15,"column":64}},"12":{"start":{"line":17,"column":27},"end":{"line":17,"column":64}},"13":{"start":{"line":17,"column":39},"end":{"line":17,"column":64}},"14":{"start":{"line":19,"column":36},"end":{"line":20,"column":44}},"15":{"start":{"line":20,"column":2},"end":{"line":20,"column":44}},"16":{"start":{"line":22,"column":31},"end":{"line":22,"column":72}},"17":{"start":{"line":22,"column":43},"end":{"line":22,"column":72}},"18":{"start":{"line":24,"column":26},"end":{"line":24,"column":62}},"19":{"start":{"line":24,"column":38},"end":{"line":24,"column":62}},"20":{"start":{"line":26,"column":24},"end":{"line":26,"column":58}},"21":{"start":{"line":26,"column":36},"end":{"line":26,"column":58}},"22":{"start":{"line":28,"column":32},"end":{"line":28,"column":74}},"23":{"start":{"line":28,"column":44},"end":{"line":28,"column":74}},"24":{"start":{"line":30,"column":34},"end":{"line":31,"column":42}},"25":{"start":{"line":31,"column":2},"end":{"line":31,"column":42}}},"fnMap":{"0":{"name":"(anonymous_0)","decl":{"start":{"line":3,"column":28},"end":{"line":3,"column":29}},"loc":{"start":{"line":3,"column":40},"end":{"line":3,"column":66}},"line":3},"1":{"name":"(anonymous_1)","decl":{"start":{"line":5,"column":26},"end":{"line":5,"column":27}},"loc":{"start":{"line":5,"column":38},"end":{"line":5,"column":62}},"line":5},"2":{"name":"(anonymous_2)","decl":{"start":{"line":7,"column":30},"end":{"line":7,"column":31}},"loc":{"start":{"line":7,"column":42},"end":{"line":7,"column":70}},"line":7},"3":{"name":"(anonymous_3)","decl":{"start":{"line":9,"column":33},"end":{"line":9,"column":34}},"loc":{"start":{"line":10,"column":2},"end":{"line":10,"column":41}},"line":10},"4":{"name":"(anonymous_4)","decl":{"start":{"line":12,"column":36},"end":{"line":12,"column":37}},"loc":{"start":{"line":13,"column":2},"end":{"line":13,"column":44}},"line":13},"5":{"name":"(anonymous_5)","decl":{"start":{"line":15,"column":27},"end":{"line":15,"column":28}},"loc":{"start":{"line":15,"column":39},"end":{"line":15,"column":64}},"line":15},"6":{"name":"(anonymous_6)","decl":{"start":{"line":17,"column":27},"end":{"line":17,"column":28}},"loc":{"start":{"line":17,"column":39},"end":{"line":17,"column":64}},"line":17},"7":{"name":"(anonymous_7)","decl":{"start":{"line":19,"column":36},"end":{"line":19,"column":37}},"loc":{"start":{"line":20,"column":2},"end":{"line":20,"column":44}},"line":20},"8":{"name":"(anonymous_8)","decl":{"start":{"line":22,"column":31},"end":{"line":22,"column":32}},"loc":{"start":{"line":22,"column":43},"end":{"line":22,"column":72}},"line":22},"9":{"name":"(anonymous_9)","decl":{"start":{"line":24,"column":26},"end":{"line":24,"column":27}},"loc":{"start":{"line":24,"column":38},"end":{"line":24,"column":62}},"line":24},"10":{"name":"(anonymous_10)","decl":{"start":{"line":26,"column":24},"end":{"line":26,"column":25}},"loc":{"start":{"line":26,"column":36},"end":{"line":26,"column":58}},"line":26},"11":{"name":"(anonymous_11)","decl":{"start":{"line":28,"column":32},"end":{"line":28,"column":33}},"loc":{"start":{"line":28,"column":44},"end":{"line":28,"column":74}},"line":28},"12":{"name":"(anonymous_12)","decl":{"start":{"line":30,"column":34},"end":{"line":30,"column":35}},"loc":{"start":{"line":31,"column":2},"end":{"line":31,"column":42}},"line":31}},"branchMap":{},"s":{"0":0,"1":0,"2":0,"3":0,"4":0,"5":0,"6":0,"7":0,"8":0,"9":0,"10":0,"11":0,"12":0,"13":0,"14":0,"15":0,"16":0,"17":0,"18":0,"19":0,"20":0,"21":0,"22":0,"23":0,"24":0,"25":0},"f":{"0":0,"1":0,"2":0,"3":0,"4":0,"5":0,"6":0,"7":0,"8":0,"9":0,"10":0,"11":0,"12":0},"b":{}}
,"/Users/chrisvogt/Code/gatsby-theme-private-sphere/theme/src/selectors/navigation.js": {"path":"/Users/chrisvogt/Code/gatsby-theme-private-sphere/theme/src/selectors/navigation.js","statementMap":{"0":{"start":{"line":1,"column":34},"end":{"line":4,"column":1}},"1":{"start":{"line":2,"column":43},"end":{"line":2,"column":53}},"2":{"start":{"line":3,"column":2},"end":{"line":3,"column":14}}},"fnMap":{"0":{"name":"(anonymous_0)","decl":{"start":{"line":1,"column":34},"end":{"line":1,"column":35}},"loc":{"start":{"line":1,"column":48},"end":{"line":4,"column":1}},"line":1}},"branchMap":{"0":{"loc":{"start":{"line":2,"column":18},"end":{"line":2,"column":38}},"type":"default-arg","locations":[{"start":{"line":2,"column":36},"end":{"line":2,"column":38}}],"line":2}},"s":{"0":0,"1":0,"2":0},"f":{"0":0},"b":{"0":[0]}}
,"/Users/chrisvogt/Code/gatsby-theme-private-sphere/theme/src/shortcodes/youtube.js": {"path":"/Users/chrisvogt/Code/gatsby-theme-private-sphere/theme/src/shortcodes/youtube.js","statementMap":{"0":{"start":{"line":4,"column":16},"end":{"line":16,"column":1}},"1":{"start":{"line":5,"column":2},"end":{"line":15,"column":15}}},"fnMap":{"0":{"name":"(anonymous_0)","decl":{"start":{"line":4,"column":16},"end":{"line":4,"column":17}},"loc":{"start":{"line":5,"column":2},"end":{"line":15,"column":15}},"line":5}},"branchMap":{"0":{"loc":{"start":{"line":7,"column":13},"end":{"line":7,"column":37}},"type":"binary-expr","locations":[{"start":{"line":7,"column":13},"end":{"line":7,"column":18}},{"start":{"line":7,"column":22},"end":{"line":7,"column":37}}],"line":7}},"s":{"0":0,"1":0},"f":{"0":0},"b":{"0":[0,0]}}
,"/Users/chrisvogt/Code/gatsby-theme-private-sphere/theme/src/templates/home.js": {"path":"/Users/chrisvogt/Code/gatsby-theme-private-sphere/theme/src/templates/home.js","statementMap":{"0":{"start":{"line":15,"column":21},"end":{"line":49,"column":1}},"1":{"start":{"line":16,"column":62},"end":{"line":16,"column":67}},"2":{"start":{"line":18,"column":17},"end":{"line":18,"column":43}},"3":{"start":{"line":19,"column":19},"end":{"line":19,"column":44}},"4":{"start":{"line":20,"column":18},"end":{"line":20,"column":42}},"5":{"start":{"line":22,"column":2},"end":{"line":48,"column":3}},"6":{"start":{"line":51,"column":25},"end":{"line":64,"column":1}}},"fnMap":{"0":{"name":"(anonymous_0)","decl":{"start":{"line":15,"column":21},"end":{"line":15,"column":22}},"loc":{"start":{"line":15,"column":30},"end":{"line":49,"column":1}},"line":15}},"branchMap":{"0":{"loc":{"start":{"line":16,"column":16},"end":{"line":16,"column":57}},"type":"default-arg","locations":[{"start":{"line":16,"column":55},"end":{"line":16,"column":57}}],"line":16},"1":{"loc":{"start":{"line":16,"column":24},"end":{"line":16,"column":50}},"type":"default-arg","locations":[{"start":{"line":16,"column":48},"end":{"line":16,"column":50}}],"line":16},"2":{"loc":{"start":{"line":16,"column":26},"end":{"line":16,"column":43}},"type":"default-arg","locations":[{"start":{"line":16,"column":41},"end":{"line":16,"column":43}}],"line":16}},"s":{"0":0,"1":0,"2":0,"3":0,"4":0,"5":0,"6":0},"f":{"0":0},"b":{"0":[0],"1":[0],"2":[0]}}
,"/Users/chrisvogt/Code/gatsby-theme-private-sphere/theme/src/templates/post.js": {"path":"/Users/chrisvogt/Code/gatsby-theme-private-sphere/theme/src/templates/post.js","statementMap":{"0":{"start":{"line":12,"column":21},"end":{"line":54,"column":1}},"1":{"start":{"line":13,"column":18},"end":{"line":13,"column":22}},"2":{"start":{"line":15,"column":17},"end":{"line":15,"column":39}},"3":{"start":{"line":16,"column":19},"end":{"line":16,"column":38}},"4":{"start":{"line":17,"column":15},"end":{"line":17,"column":35}},"5":{"start":{"line":18,"column":22},"end":{"line":18,"column":49}},"6":{"start":{"line":19,"column":16},"end":{"line":19,"column":37}},"7":{"start":{"line":21,"column":2},"end":{"line":53,"column":3}},"8":{"start":{"line":56,"column":0},"end":{"line":60,"column":1}},"9":{"start":{"line":62,"column":25},"end":{"line":77,"column":1}}},"fnMap":{"0":{"name":"(anonymous_0)","decl":{"start":{"line":12,"column":21},"end":{"line":12,"column":22}},"loc":{"start":{"line":12,"column":35},"end":{"line":54,"column":1}},"line":12}},"branchMap":{"0":{"loc":{"start":{"line":39,"column":11},"end":{"line":39,"column":75}},"type":"binary-expr","locations":[{"start":{"line":39,"column":11},"end":{"line":39,"column":19}},{"start":{"line":39,"column":23},"end":{"line":39,"column":75}}],"line":39}},"s":{"0":0,"1":0,"2":0,"3":0,"4":0,"5":0,"6":0,"7":0,"8":0,"9":0},"f":{"0":0},"b":{"0":[0,0]}}
,"/Users/chrisvogt/Code/gatsby-theme-private-sphere/theme/src/utils/with-preset.js": {"path":"/Users/chrisvogt/Code/gatsby-theme-private-sphere/theme/src/utils/with-preset.js","statementMap":{"0":{"start":{"line":1,"column":19},"end":{"line":1,"column":61}},"1":{"start":{"line":1,"column":35},"end":{"line":1,"column":61}},"2":{"start":{"line":1,"column":43},"end":{"line":1,"column":61}}},"fnMap":{"0":{"name":"(anonymous_0)","decl":{"start":{"line":1,"column":19},"end":{"line":1,"column":20}},"loc":{"start":{"line":1,"column":35},"end":{"line":1,"column":61}},"line":1},"1":{"name":"(anonymous_1)","decl":{"start":{"line":1,"column":35},"end":{"line":1,"column":36}},"loc":{"start":{"line":1,"column":43},"end":{"line":1,"column":61}},"line":1}},"branchMap":{"0":{"loc":{"start":{"line":1,"column":48},"end":{"line":1,"column":60}},"type":"binary-expr","locations":[{"start":{"line":1,"column":48},"end":{"line":1,"column":54}},{"start":{"line":1,"column":58},"end":{"line":1,"column":60}}],"line":1}},"s":{"0":0,"1":0,"2":0},"f":{"0":0,"1":0},"b":{"0":[0,0]}}
}
